DIALS (2018) Acta Cryst. D74, 85-97. https://doi.org/10.1107/S2059798317017235
DIALS 1.14.5-g19190e3b9-release
The following parameters have been modified:

input {
  datablock = <image files>
}

--------------------------------------------------------------------------------
  format: <class 'dxtbx.format.FormatCBFMiniPilatusCHESS_6MSN127.FormatCBFMiniPilatusCHESS_6MSN127'>
  num images: 200
  num sweeps: 1
  num stills: 0

Sweep 0
  Length 200
Beam:
    wavelength: 0.6299
    sample to source direction : {0,0,1}
    divergence: 0
    sigma divergence: 0
    polarization normal: {0,1,0}
    polarization fraction: 0.999

Goniometer:
    Rotation axis:   {-1,0,0}
    Fixed rotation:  {1,0,0,0,1,0,0,0,1}
    Setting rotation:{1,0,0,0,1,0,0,0,1}

Detector:
Panel:
  name: Panel
  type: SENSOR_PAD
  identifier: 
  pixel_size:{0.172,0.172}
  image_size: {2463,2527}
  trusted_range: {-1,1.14714e+06}
  thickness: 1
  material: Si
  mu: 1.08976
  gain: 1
  pedestal: 0
  fast_axis: {1,0,0}
  slow_axis: {0,-1,0}
  origin: {-223.17,221.104,-400}
  distance: 400
  pixel to millimeter strategy: ParallaxCorrectedPxMmStrategy
    mu: 1.08976
    t0: 1


Scan:
    image range:   {1,200}
    oscillation:   {15,0.5}
    exposure time: 0.5

--------------------------------------------------------------------------------
Writing datablocks to datablock.json
