   0.0: DIALS (2018) Acta Cryst. D74, 85-97. https://doi.org/10.1107/S2059798317017235
        DIALS 2.dev.1389-g43e7a2461
        The following parameters have been modified:
        
        indexing {
          known_symmetry {
            space_group = "P 43 21 2"
          }
        }
        input {
          experiments = imported.expt
          reflections = strong.refl
        }
        
   0.5: Found max_cell: 117.9 Angstrom
        Setting d_min: 2.30
        FFT gridding: (256,256,256)
   0.6: Number of centroids used: 43000
  25.3: Candidate solutions:
        +------------------------------------+----------+----------------+------------+-------------+-------------------+-----------+-----------------+-----------------+
        | unit_cell                          |   volume |   volume score |   #indexed |   % indexed |   % indexed score |   rmsd_xy |   rmsd_xy score |   overall score |
        |------------------------------------+----------+----------------+------------+-------------+-------------------+-----------+-----------------+-----------------|
        | 79.80 79.80 37.98 90.0 90.0 90.0   |   241867 |           0.09 |      15814 |          37 |              0.3  |      0.34 |            0    |            0.4  |
        | 79.68 79.68 37.98 90.0 90.0 90.0   |   241077 |           0.09 |      17291 |          40 |              0.17 |      0.39 |            0.2  |            0.47 |
        | 79.87 79.87 37.98 90.0 90.0 90.0   |   242292 |           0.09 |      16274 |          38 |              0.26 |      0.38 |            0.15 |            0.51 |
        | 79.57 79.57 37.98 90.0 90.0 90.0   |   240423 |           0.08 |      17040 |          40 |              0.2  |      0.41 |            0.26 |            0.54 |
        | 79.68 79.68 37.97 90.0 90.0 90.0   |   241080 |           0.09 |      16083 |          37 |              0.28 |      0.42 |            0.31 |            0.67 |
        | 80.06 80.06 37.98 90.0 90.0 90.0   |   243408 |           0.1  |      17196 |          40 |              0.18 |      0.45 |            0.39 |            0.68 |
        | 80.58 80.58 37.98 90.0 90.0 90.0   |   246600 |           0.12 |      17619 |          41 |              0.15 |      0.45 |            0.41 |            0.68 |
        | 80.46 80.46 38.02 90.0 90.0 90.0   |   246195 |           0.12 |      19514 |          45 |              0    |      0.5  |            0.56 |            0.68 |
        | 80.21 80.21 38.02 90.0 90.0 90.0   |   244643 |           0.11 |      19286 |          45 |              0.02 |      0.51 |            0.56 |            0.69 |
        | 79.57 79.57 37.97 90.0 90.0 90.0   |   240413 |           0.08 |      15940 |          37 |              0.29 |      0.43 |            0.32 |            0.7  |
        | 79.28 79.28 37.98 90.0 90.0 90.0   |   238690 |           0.07 |      15579 |          36 |              0.32 |      0.43 |            0.32 |            0.72 |
        | 80.44 80.44 38.12 90.0 90.0 90.0   |   246655 |           0.12 |      19086 |          44 |              0.03 |      0.51 |            0.57 |            0.72 |
        | 80.51 80.51 37.99 90.0 90.0 90.0   |   246206 |           0.12 |      15801 |          37 |              0.3  |      0.44 |            0.35 |            0.77 |
        | 80.43 80.43 38.02 90.0 90.0 90.0   |   245982 |           0.12 |      18880 |          44 |              0.05 |      0.55 |            0.69 |            0.85 |
        | 80.43 80.43 37.73 90.0 90.0 90.0   |   244105 |           0.11 |      18759 |          43 |              0.06 |      0.55 |            0.69 |            0.85 |
        | 80.42 80.42 37.97 90.0 90.0 90.0   |   245589 |           0.11 |      17066 |          40 |              0.19 |      0.51 |            0.57 |            0.87 |
        | 80.53 80.53 37.97 90.0 90.0 90.0   |   246247 |           0.12 |      16699 |          39 |              0.22 |      0.49 |            0.53 |            0.88 |
        | 78.75 78.75 37.97 90.0 90.0 90.0   |   235492 |           0.05 |      13246 |          31 |              0.56 |      0.42 |            0.29 |            0.9  |
        | 80.43 80.43 38.12 90.0 90.0 90.0   |   246612 |           0.12 |      18569 |          43 |              0.07 |      0.57 |            0.74 |            0.93 |
        | 80.87 80.87 38.02 90.0 90.0 90.0   |   248648 |           0.13 |      17354 |          40 |              0.17 |      0.54 |            0.66 |            0.96 |
        | 80.85 80.85 38.12 90.0 90.0 90.0   |   249202 |           0.14 |      17479 |          41 |              0.16 |      0.55 |            0.69 |            0.98 |
        | 78.66 78.66 37.98 90.0 90.0 90.0   |   235008 |           0.05 |      14937 |          35 |              0.39 |      0.5  |            0.55 |            0.99 |
        | 78.38 78.38 37.99 90.0 90.0 90.0   |   233348 |           0.04 |      14106 |          33 |              0.47 |      0.53 |            0.64 |            1.15 |
        | 81.13 81.13 37.98 90.0 90.0 90.0   |   250001 |           0.14 |      15913 |          37 |              0.29 |      0.61 |            0.83 |            1.27 |
        | 80.23 80.23 37.98 90.0 90.0 90.0   |   244459 |           0.11 |      15238 |          35 |              0.36 |      0.6  |            0.82 |            1.28 |
        | 81.24 81.24 37.98 90.0 90.0 90.0   |   250642 |           0.14 |      15400 |          36 |              0.34 |      0.66 |            0.95 |            1.44 |
        | 112.64 112.64 37.98 90.0 90.0 90.0 |   481875 |           1.09 |      16092 |          37 |              0.28 |      0.38 |            0.15 |            1.51 |
        | 80.32 80.32 38.00 90.0 90.0 90.0   |   245149 |           0.11 |      12764 |          30 |              0.61 |      1.44 |            2.07 |            2.8  |
        | 80.32 80.32 38.10 90.0 90.0 90.0   |   245786 |           0.12 |      12497 |          29 |              0.64 |      1.47 |            2.1  |            2.86 |
        | 79.25 79.25 38.00 90.0 90.0 90.0   |   238650 |           0.07 |       8707 |          20 |              1.16 |      1.07 |            1.64 |            2.88 |
        | 81.39 81.39 34.87 90.0 90.0 90.0   |   230959 |           0.03 |       8356 |          19 |              1.22 |      1.07 |            1.65 |            2.9  |
        | 78.97 78.97 38.00 90.0 90.0 90.0   |   236953 |           0.06 |       8610 |          20 |              1.18 |      1.09 |            1.67 |            2.91 |
        | 80.91 80.91 38.01 90.0 90.0 90.0   |   248806 |           0.13 |      12682 |          29 |              0.62 |      1.6  |            2.23 |            2.98 |
        | 80.90 80.90 38.10 90.0 90.0 90.0   |   249376 |           0.14 |      12392 |          29 |              0.66 |      1.62 |            2.25 |            3.04 |
        | 81.13 81.13 38.00 90.0 90.0 90.0   |   250115 |           0.14 |       8619 |          20 |              1.18 |      1.13 |            1.73 |            3.05 |
        | 80.32 80.32 37.98 90.0 90.0 90.0   |   244972 |           0.11 |      11219 |          26 |              0.8  |      1.52 |            2.15 |            3.06 |
        | 80.58 80.58 37.98 90.0 90.0 90.0   |   246625 |           0.12 |      11035 |          26 |              0.82 |      1.5  |            2.13 |            3.08 |
        | 79.79 79.79 37.98 90.0 90.0 90.0   |   241752 |           0.09 |      10801 |          25 |              0.85 |      1.51 |            2.14 |            3.09 |
        | 80.07 80.07 37.98 90.0 90.0 90.0   |   243481 |           0.1  |      10759 |          25 |              0.86 |      1.5  |            2.13 |            3.09 |
        | 80.31 80.31 35.17 90.0 90.0 90.0   |   226867 |           0    |       8976 |          21 |              1.12 |      1.35 |            1.98 |            3.1  |
        | 80.73 80.73 37.98 90.0 90.0 90.0   |   247547 |           0.13 |      10618 |          25 |              0.88 |      1.47 |            2.1  |            3.1  |
        | 81.40 81.40 38.00 90.0 90.0 90.0   |   251777 |           0.15 |       8747 |          20 |              1.16 |      1.23 |            1.85 |            3.16 |
        | 80.98 80.98 37.98 90.0 90.0 90.0   |   249098 |           0.13 |      10393 |          24 |              0.91 |      1.49 |            2.13 |            3.17 |
        | 79.16 79.16 37.98 90.0 90.0 90.0   |   237996 |           0.07 |       9656 |          22 |              1.02 |      1.56 |            2.19 |            3.28 |
        | 81.11 81.11 35.19 90.0 90.0 90.0   |   231519 |           0.03 |       7915 |          18 |              1.3  |      1.61 |            2.24 |            3.57 |
        | 80.39 80.39 37.91 90.0 90.0 90.0   |   245026 |           0.11 |       8646 |          20 |              1.17 |      2.22 |            2.7  |            3.98 |
        | 78.79 78.79 37.92 90.0 90.0 90.0   |   235401 |           0.05 |       8614 |          20 |              1.18 |      2.43 |            2.83 |            4.06 |
        | 79.24 79.24 78.94 90.0 90.0 90.0   |   495610 |           1.13 |       7873 |          18 |              1.31 |      1.19 |            1.8  |            4.24 |
        | 79.23 79.23 44.51 90.0 90.0 90.0   |   279428 |           0.3  |       6814 |          16 |              1.52 |      2.17 |            2.67 |            4.49 |
        | 79.33 79.33 80.84 90.0 90.0 90.0   |   508748 |           1.17 |       9201 |          21 |              1.08 |      1.9  |            2.47 |            4.72 |
        +------------------------------------+----------+----------------+------------+-------------+-------------------+-----------+-----------------+-----------------+
  25.6: Using d_min_step 0.3
  25.8: 
        Indexed crystal models:
        model 1 (11162 reflections):
        Crystal:
            Unit cell: (79.803, 79.803, 37.978, 90.000, 90.000, 90.000)
            Space group: P 43 21 2
            U matrix:  {{-0.2502, -0.0435, -0.9672},
                        { 0.8756,  0.4163, -0.2452},
                        { 0.4133, -0.9082, -0.0661}}
            B matrix:  {{ 0.0125,  0.0000,  0.0000},
                        {-0.0000,  0.0125,  0.0000},
                        {-0.0000,  0.0000,  0.0263}}
            A = UB:    {{-0.0031, -0.0005, -0.0255},
                        { 0.0110,  0.0052, -0.0065},
                        { 0.0052, -0.0114, -0.0017}}
        +------------+-------------+---------------+-------------+
        |   Imageset |   # indexed |   # unindexed | % indexed   |
        |------------+-------------+---------------+-------------|
        |          0 |       11162 |         31963 | 25.9%       |
        +------------+-------------+---------------+-------------+
        
        ################################################################################
        Starting refinement (macro-cycle 1)
        ################################################################################
        
  25.9: 
        Summary statistics for 11110 observations matched to predictions:
        +-------------------+--------+----------+----------+---------+-------+
        |                   |    Min |       Q1 |      Med |      Q3 |   Max |
        |-------------------+--------+----------+----------+---------+-------|
        | Xc - Xo (mm)      | -1.914 |  -0.4045 |  -0.2134 | 0.02767 | 2.023 |
        | Yc - Yo (mm)      | -1.615 |  -0.1766 | -0.05303 | 0.09753 | 2.194 |
        | Phic - Phio (deg) | -13.82 | -0.02451 |   0.3981 |  0.6869 | 7.792 |
        | X weights         |  384.6 |    404.3 |    405.2 |   405.5 | 405.6 |
        | Y weights         |  387.1 |      404 |    405.1 |   405.5 | 405.6 |
        | Phi weights       |  46.54 |    47.98 |    47.99 |      48 |    48 |
        +-------------------+--------+----------+----------+---------+-------+
        
        Detecting centroid outliers using the Tukey algorithm
        1527 reflections have been flagged as outliers
        9583 reflections remain in the manager
        
        Summary statistics for 9583 observations matched to predictions:
        +-------------------+--------+---------+----------+---------+-------+
        |                   |    Min |      Q1 |      Med |      Q3 |   Max |
        |-------------------+--------+---------+----------+---------+-------|
        | Xc - Xo (mm)      | -1.914 | -0.4155 |  -0.2308 |  0.0094 | 1.991 |
        | Yc - Yo (mm)      | -1.117 |  -0.171 | -0.05621 | 0.06981 | 1.105 |
        | Phic - Phio (deg) | -1.516 | 0.04382 |     0.41 |  0.6665 | 1.855 |
        | X weights         |  384.6 |   404.3 |    405.2 |   405.5 | 405.6 |
        | Y weights         |  387.1 |     404 |    405.1 |   405.5 | 405.6 |
        | Phi weights       |  46.54 |   47.98 |    47.99 |      48 |    48 |
        +-------------------+--------+---------+----------+---------+-------+
        
  26.0: There are 12 parameters to refine against 9583 reflections in 3 dimensions
  27.4: 
        Refinement steps:
        +--------+--------+----------+----------+------------+
        |   Step |   Nref |   RMSD_X |   RMSD_Y |   RMSD_Phi |
        |        |        |     (mm) |     (mm) |      (deg) |
        |--------+--------+----------+----------+------------|
        |      0 |   9583 |  0.53279 |  0.31382 |    0.60312 |
        |      1 |   9583 |  0.48983 |  0.31121 |    0.58442 |
        |      2 |   9583 |  0.48805 |  0.31101 |    0.54398 |
        |      3 |   9583 |  0.48615 |  0.31032 |    0.49598 |
        |      4 |   9583 |  0.4842  |  0.30916 |    0.47558 |
        |      5 |   9583 |  0.48311 |  0.30848 |    0.47263 |
        |      6 |   9583 |  0.48291 |  0.30841 |    0.47218 |
        |      7 |   9583 |  0.48291 |  0.3084  |    0.4721  |
        |      8 |   9583 |  0.48292 |  0.3084  |    0.47209 |
        +--------+--------+----------+----------+------------+
        RMSD no longer decreasing
        
        RMSDs by experiment:
        +-------+--------+----------+----------+------------+
        |   Exp |   Nref |   RMSD_X |   RMSD_Y |     RMSD_Z |
        |    id |        |     (px) |     (px) |   (images) |
        |-------+--------+----------+----------+------------|
        |     0 |   9583 |   2.8077 |    1.793 |    0.94418 |
        +-------+--------+----------+----------+------------+
  27.5: 
        Refined crystal models:
        model 1 (11122 reflections):
        Crystal:
            Unit cell: (79.63(8), 79.63(8), 37.93(3), 90.0, 90.0, 90.0)
            Space group: P 43 21 2
            U matrix:  {{-0.2517, -0.0403, -0.9670},
                        { 0.8783,  0.4100, -0.2458},
                        { 0.4064, -0.9112, -0.0678}}
            B matrix:  {{ 0.0126,  0.0000,  0.0000},
                        {-0.0000,  0.0126,  0.0000},
                        {-0.0000,  0.0000,  0.0264}}
            A = UB:    {{-0.0032, -0.0005, -0.0255},
                        { 0.0110,  0.0051, -0.0065},
                        { 0.0051, -0.0114, -0.0018}}
        +------------+-------------+---------------+-------------+
        |   Imageset |   # indexed |   # unindexed | % indexed   |
        |------------+-------------+---------------+-------------|
        |          0 |       11122 |         31750 | 25.9%       |
        +------------+-------------+---------------+-------------+
        Increasing resolution to 2.02 Angstrom
  27.6: 
        Indexed crystal models:
        model 1 (21605 reflections):
        Crystal:
            Unit cell: (79.63(8), 79.63(8), 37.93(3), 90.0, 90.0, 90.0)
            Space group: P 43 21 2
            U matrix:  {{-0.2517, -0.0403, -0.9670},
                        { 0.8783,  0.4100, -0.2458},
                        { 0.4064, -0.9112, -0.0678}}
            B matrix:  {{ 0.0126,  0.0000,  0.0000},
                        {-0.0000,  0.0126,  0.0000},
                        {-0.0000,  0.0000,  0.0264}}
            A = UB:    {{-0.0032, -0.0005, -0.0255},
                        { 0.0110,  0.0051, -0.0065},
                        { 0.0051, -0.0114, -0.0018}}
        +------------+-------------+---------------+-------------+
        |   Imageset |   # indexed |   # unindexed | % indexed   |
        |------------+-------------+---------------+-------------|
        |          0 |       22877 |         35027 | 39.5%       |
        +------------+-------------+---------------+-------------+
        
        ################################################################################
        Starting refinement (macro-cycle 2)
        ################################################################################
        
  27.8: 
        Summary statistics for 21555 observations matched to predictions:
        +-------------------+--------+---------+----------+--------+-------+
        |                   |    Min |      Q1 |      Med |     Q3 |   Max |
        |-------------------+--------+---------+----------+--------+-------|
        | Xc - Xo (mm)      | -2.067 | -0.1951 |  0.00401 | 0.2125 | 2.015 |
        | Yc - Yo (mm)      | -2.735 | -0.1659 | -0.03713 | 0.1066 | 3.889 |
        | Phic - Phio (deg) | -13.04 | 0.02817 |   0.3075 | 0.5024 | 12.52 |
        | X weights         |  382.7 |   403.1 |    404.6 |  405.3 | 405.6 |
        | Y weights         |  377.2 |   402.7 |    404.4 |  405.3 | 405.6 |
        | Phi weights       |  46.54 |   47.97 |    47.99 |     48 |    48 |
        +-------------------+--------+---------+----------+--------+-------+
        
        Detecting centroid outliers using the Tukey algorithm
  27.9: 2352 reflections have been flagged as outliers
        19203 reflections remain in the manager
  28.0: 
        Summary statistics for 19203 observations matched to predictions:
        +-------------------+--------+---------+-----------+---------+-------+
        |                   |    Min |      Q1 |       Med |      Q3 |   Max |
        |-------------------+--------+---------+-----------+---------+-------|
        | Xc - Xo (mm)      | -2.067 | -0.2046 | -0.008861 |  0.2081 | 1.994 |
        | Yc - Yo (mm)      | -1.048 | -0.1568 |  -0.03766 | 0.09301 | 1.118 |
        | Phic - Phio (deg) | -1.356 | 0.07028 |    0.3107 |  0.4841 | 1.232 |
        | X weights         |  382.7 |   403.1 |     404.6 |   405.3 | 405.6 |
        | Y weights         |  377.2 |   402.6 |     404.4 |   405.3 | 405.6 |
        | Phi weights       |  47.25 |   47.97 |     47.99 |      48 |    48 |
        +-------------------+--------+---------+-----------+---------+-------+
        
  28.1: There are 12 parameters to refine against 10000 reflections in 3 dimensions
  29.8: 
        Refinement steps:
        +--------+--------+----------+----------+------------+
        |   Step |   Nref |   RMSD_X |   RMSD_Y |   RMSD_Phi |
        |        |        |     (mm) |     (mm) |      (deg) |
        |--------+--------+----------+----------+------------|
        |      0 |  10000 |  0.44432 |  0.27309 |    0.43615 |
        |      1 |  10000 |  0.43972 |  0.26897 |    0.41702 |
        |      2 |  10000 |  0.4382  |  0.26874 |    0.38299 |
        |      3 |  10000 |  0.43749 |  0.26841 |    0.33852 |
        |      4 |  10000 |  0.43714 |  0.26779 |    0.30894 |
        |      5 |  10000 |  0.43704 |  0.26716 |    0.30002 |
        |      6 |  10000 |  0.43713 |  0.26692 |    0.29765 |
        |      7 |  10000 |  0.43718 |  0.26688 |    0.29723 |
        |      8 |  10000 |  0.43718 |  0.26688 |    0.29719 |
        |      9 |  10000 |  0.43718 |  0.26688 |    0.29719 |
        +--------+--------+----------+----------+------------+
        RMSD no longer decreasing
        
        RMSDs by experiment:
        +-------+--------+----------+----------+------------+
        |   Exp |   Nref |   RMSD_X |   RMSD_Y |     RMSD_Z |
        |    id |        |     (px) |     (px) |   (images) |
        |-------+--------+----------+----------+------------|
        |     0 |  10000 |   2.5418 |   1.5516 |    0.59438 |
        +-------+--------+----------+----------+------------+
  29.9: 
        Refined crystal models:
        model 1 (21605 reflections):
        Crystal:
            Unit cell: (79.78(6), 79.78(6), 38.03(3), 90.0, 90.0, 90.0)
            Space group: P 43 21 2
            U matrix:  {{-0.2537, -0.0367, -0.9666},
                        { 0.8802,  0.4056, -0.2464},
                        { 0.4011, -0.9133, -0.0706}}
            B matrix:  {{ 0.0125,  0.0000,  0.0000},
                        {-0.0000,  0.0125,  0.0000},
                        {-0.0000,  0.0000,  0.0263}}
            A = UB:    {{-0.0032, -0.0005, -0.0254},
                        { 0.0110,  0.0051, -0.0065},
                        { 0.0050, -0.0114, -0.0019}}
        +------------+-------------+---------------+-------------+
        |   Imageset |   # indexed |   # unindexed | % indexed   |
        |------------+-------------+---------------+-------------|
        |          0 |       21605 |         36560 | 37.1%       |
        +------------+-------------+---------------+-------------+
        Increasing resolution to 1.74 Angstrom
  30.0: 
        Indexed crystal models:
  30.1: model 1 (29057 reflections):
        Crystal:
            Unit cell: (79.78(6), 79.78(6), 38.03(3), 90.0, 90.0, 90.0)
            Space group: P 43 21 2
            U matrix:  {{-0.2537, -0.0367, -0.9666},
                        { 0.8802,  0.4056, -0.2464},
                        { 0.4011, -0.9133, -0.0706}}
            B matrix:  {{ 0.0125,  0.0000,  0.0000},
                        {-0.0000,  0.0125,  0.0000},
                        {-0.0000,  0.0000,  0.0263}}
            A = UB:    {{-0.0032, -0.0005, -0.0254},
                        { 0.0110,  0.0051, -0.0065},
                        { 0.0050, -0.0114, -0.0019}}
        +------------+-------------+---------------+-------------+
        |   Imageset |   # indexed |   # unindexed | % indexed   |
        |------------+-------------+---------------+-------------|
        |          0 |       30564 |         42103 | 42.1%       |
        +------------+-------------+---------------+-------------+
        
        ################################################################################
        Starting refinement (macro-cycle 3)
        ################################################################################
        
  30.2: 
        Summary statistics for 28998 observations matched to predictions:
        +-------------------+--------+----------+----------+--------+-------+
        |                   |    Min |       Q1 |      Med |     Q3 |   Max |
        |-------------------+--------+----------+----------+--------+-------|
        | Xc - Xo (mm)      | -2.066 |   -0.217 | 0.006827 | 0.2335 | 2.276 |
        | Yc - Yo (mm)      | -3.076 |  -0.1641 | -0.01269 | 0.1456 | 3.513 |
        | Phic - Phio (deg) | -11.97 | -0.05181 |   0.1184 | 0.2582 | 14.95 |
        | X weights         |  377.6 |    402.2 |      404 |  405.2 | 405.6 |
        | Y weights         |    373 |    401.3 |    403.8 |  405.1 | 405.6 |
        | Phi weights       |  46.54 |    47.97 |       48 |     48 |    48 |
        +-------------------+--------+----------+----------+--------+-------+
        
        Detecting centroid outliers using the Tukey algorithm
  30.3: 2315 reflections have been flagged as outliers
        26683 reflections remain in the manager
        
        Summary statistics for 26683 observations matched to predictions:
  30.4: +-------------------+--------+----------+-----------+--------+-------+
        |                   |    Min |       Q1 |       Med |     Q3 |   Max |
        |-------------------+--------+----------+-----------+--------+-------|
        | Xc - Xo (mm)      | -2.066 |  -0.2188 | 0.0002796 | 0.2317 | 2.276 |
        | Yc - Yo (mm)      | -1.101 |  -0.1568 |   -0.0134 | 0.1345 | 1.113 |
        | Phic - Phio (deg) | -1.119 | -0.03214 |    0.1211 | 0.2504 |   1.1 |
        | X weights         |  377.6 |    402.2 |       404 |  405.1 | 405.6 |
        | Y weights         |    373 |    401.2 |     403.7 |  405.1 | 405.6 |
        | Phi weights       |  47.25 |    47.97 |        48 |     48 |    48 |
        +-------------------+--------+----------+-----------+--------+-------+
        
  30.5: There are 12 parameters to refine against 10000 reflections in 3 dimensions
  31.4: 
        Refinement steps:
        +--------+--------+----------+----------+------------+
        |   Step |   Nref |   RMSD_X |   RMSD_Y |   RMSD_Phi |
        |        |        |     (mm) |     (mm) |      (deg) |
        |--------+--------+----------+----------+------------|
        |      0 |  10000 |  0.46982 |  0.28694 |    0.25882 |
        |      1 |  10000 |  0.46125 |  0.2857  |    0.25199 |
        |      2 |  10000 |  0.45864 |  0.28615 |    0.24632 |
        |      3 |  10000 |  0.45737 |  0.28614 |    0.24013 |
        |      4 |  10000 |  0.45669 |  0.28587 |    0.23431 |
        |      5 |  10000 |  0.4564  |  0.28563 |    0.23265 |
        |      6 |  10000 |  0.45634 |  0.28556 |    0.23255 |
        |      7 |  10000 |  0.45634 |  0.28556 |    0.23259 |
        |      8 |  10000 |  0.45634 |  0.28556 |    0.23259 |
        +--------+--------+----------+----------+------------+
        RMSD no longer decreasing
        
        RMSDs by experiment:
        +-------+--------+----------+----------+------------+
        |   Exp |   Nref |   RMSD_X |   RMSD_Y |     RMSD_Z |
        |    id |        |     (px) |     (px) |   (images) |
        |-------+--------+----------+----------+------------|
        |     0 |  10000 |   2.6531 |   1.6602 |    0.46518 |
        +-------+--------+----------+----------+------------+
  31.6: 
        Refined crystal models:
        model 1 (29057 reflections):
        Crystal:
            Unit cell: (79.79(5), 79.79(5), 38.05(2), 90.0, 90.0, 90.0)
            Space group: P 43 21 2
            U matrix:  {{-0.2539, -0.0339, -0.9666},
                        { 0.8811,  0.4042, -0.2456},
                        { 0.3990, -0.9141, -0.0727}}
            B matrix:  {{ 0.0125,  0.0000,  0.0000},
                        {-0.0000,  0.0125,  0.0000},
                        {-0.0000,  0.0000,  0.0263}}
            A = UB:    {{-0.0032, -0.0004, -0.0254},
                        { 0.0110,  0.0051, -0.0065},
                        { 0.0050, -0.0115, -0.0019}}
        +------------+-------------+---------------+-------------+
        |   Imageset |   # indexed |   # unindexed | % indexed   |
        |------------+-------------+---------------+-------------|
        |          0 |       29057 |         43627 | 40.0%       |
        +------------+-------------+---------------+-------------+
        Increasing resolution to 1.46 Angstrom
  31.7: 
        Indexed crystal models:
  31.8: model 1 (30871 reflections):
        Crystal:
            Unit cell: (79.79(5), 79.79(5), 38.05(2), 90.0, 90.0, 90.0)
            Space group: P 43 21 2
            U matrix:  {{-0.2539, -0.0339, -0.9666},
                        { 0.8811,  0.4042, -0.2456},
                        { 0.3990, -0.9141, -0.0727}}
            B matrix:  {{ 0.0125,  0.0000,  0.0000},
                        {-0.0000,  0.0125,  0.0000},
                        {-0.0000,  0.0000,  0.0263}}
            A = UB:    {{-0.0032, -0.0004, -0.0254},
                        { 0.0110,  0.0051, -0.0065},
                        { 0.0050, -0.0115, -0.0019}}
        +------------+-------------+---------------+-------------+
        |   Imageset |   # indexed |   # unindexed | % indexed   |
        |------------+-------------+---------------+-------------|
        |          0 |       31957 |         46205 | 40.9%       |
        +------------+-------------+---------------+-------------+
        
        ################################################################################
        Starting refinement (macro-cycle 4)
        ################################################################################
        
  32.0: 
        Summary statistics for 30810 observations matched to predictions:
        +-------------------+--------+---------+------------+--------+-------+
        |                   |    Min |      Q1 |        Med |     Q3 |   Max |
        |-------------------+--------+---------+------------+--------+-------|
        | Xc - Xo (mm)      | -2.221 | -0.2461 | -0.0004068 | 0.2526 | 2.263 |
        | Yc - Yo (mm)      |  -2.78 | -0.1728 |  -0.004295 | 0.1662 | 2.857 |
        | Phic - Phio (deg) | -11.46 | -0.1076 |    0.04272 | 0.1792 | 12.48 |
        | X weights         |  373.1 |   401.9 |      403.9 |  405.1 | 405.6 |
        | Y weights         |  371.9 |   400.8 |      403.6 |  405.1 | 405.6 |
        | Phi weights       |  46.54 |   47.97 |         48 |     48 |    48 |
        +-------------------+--------+---------+------------+--------+-------+
        
        Detecting centroid outliers using the Tukey algorithm
        2293 reflections have been flagged as outliers
  32.1: 28517 reflections remain in the manager
        
        Summary statistics for 28517 observations matched to predictions:
        +-------------------+--------+----------+-----------+--------+-------+
        |                   |    Min |       Q1 |       Med |     Q3 |   Max |
        |-------------------+--------+----------+-----------+--------+-------|
        | Xc - Xo (mm)      | -2.221 |  -0.2434 | -0.002695 | 0.2509 | 2.263 |
        | Yc - Yo (mm)      | -1.103 |  -0.1648 | -0.005662 | 0.1541 | 1.401 |
        | Phic - Phio (deg) | -1.082 | -0.09588 |   0.04437 | 0.1725 | 1.087 |
        | X weights         |  373.1 |      402 |     403.9 |  405.1 | 405.6 |
        | Y weights         |  371.9 |    400.8 |     403.6 |    405 | 405.6 |
        | Phi weights       |  47.05 |    47.98 |        48 |     48 |    48 |
        +-------------------+--------+----------+-----------+--------+-------+
        
  32.2: There are 12 parameters to refine against 10000 reflections in 3 dimensions
  33.2: 
        Refinement steps:
        +--------+--------+----------+----------+------------+
        |   Step |   Nref |   RMSD_X |   RMSD_Y |   RMSD_Phi |
        |        |        |     (mm) |     (mm) |      (deg) |
        |--------+--------+----------+----------+------------|
        |      0 |  10000 |  0.46778 |  0.28672 |    0.22614 |
        |      1 |  10000 |  0.46297 |  0.28677 |    0.22377 |
        |      2 |  10000 |  0.4606  |  0.28726 |    0.22355 |
        |      3 |  10000 |  0.45891 |  0.2873  |    0.22311 |
        |      4 |  10000 |  0.45789 |  0.28727 |    0.22271 |
        |      5 |  10000 |  0.45751 |  0.28726 |    0.2234  |
        |      6 |  10000 |  0.45744 |  0.28728 |    0.22376 |
        |      7 |  10000 |  0.45743 |  0.28728 |    0.2238  |
        |      8 |  10000 |  0.45743 |  0.28728 |    0.2238  |
        +--------+--------+----------+----------+------------+
        RMSD no longer decreasing
        
        RMSDs by experiment:
        +-------+--------+----------+----------+------------+
        |   Exp |   Nref |   RMSD_X |   RMSD_Y |     RMSD_Z |
        |    id |        |     (px) |     (px) |   (images) |
        |-------+--------+----------+----------+------------|
        |     0 |  10000 |   2.6595 |   1.6702 |    0.44761 |
        +-------+--------+----------+----------+------------+
  33.3: 
        Refined crystal models:
  33.4: model 1 (30871 reflections):
        Crystal:
            Unit cell: (79.91(4), 79.91(4), 38.109(18), 90.0, 90.0, 90.0)
            Space group: P 43 21 2
            U matrix:  {{-0.2528, -0.0321, -0.9670},
                        { 0.8817,  0.4039, -0.2439},
                        { 0.3984, -0.9143, -0.0738}}
            B matrix:  {{ 0.0125,  0.0000,  0.0000},
                        {-0.0000,  0.0125,  0.0000},
                        {-0.0000,  0.0000,  0.0262}}
            A = UB:    {{-0.0032, -0.0004, -0.0254},
                        { 0.0110,  0.0051, -0.0064},
                        { 0.0050, -0.0114, -0.0019}}
        +------------+-------------+---------------+-------------+
        |   Imageset |   # indexed |   # unindexed | % indexed   |
        |------------+-------------+---------------+-------------|
        |          0 |       30871 |         47296 | 39.5%       |
        +------------+-------------+---------------+-------------+
        Increasing resolution to 1.18 Angstrom
  33.5: 
        Indexed crystal models:
        model 1 (31183 reflections):
        Crystal:
            Unit cell: (79.91(4), 79.91(4), 38.109(18), 90.0, 90.0, 90.0)
            Space group: P 43 21 2
            U matrix:  {{-0.2528, -0.0321, -0.9670},
                        { 0.8817,  0.4039, -0.2439},
                        { 0.3984, -0.9143, -0.0738}}
            B matrix:  {{ 0.0125,  0.0000,  0.0000},
                        {-0.0000,  0.0125,  0.0000},
                        {-0.0000,  0.0000,  0.0262}}
            A = UB:    {{-0.0032, -0.0004, -0.0254},
                        { 0.0110,  0.0051, -0.0064},
                        { 0.0050, -0.0114, -0.0019}}
        +------------+-------------+---------------+-------------+
        |   Imageset |   # indexed |   # unindexed | % indexed   |
        |------------+-------------+---------------+-------------|
        |          0 |       31847 |         46442 | 40.7%       |
        +------------+-------------+---------------+-------------+
        
        ################################################################################
        Starting refinement (macro-cycle 5)
        ################################################################################
        
  33.7: 
        Summary statistics for 31115 observations matched to predictions:
        +-------------------+--------+---------+-----------+--------+-------+
        |                   |    Min |      Q1 |       Med |     Q3 |   Max |
        |-------------------+--------+---------+-----------+--------+-------|
        | Xc - Xo (mm)      | -2.284 | -0.2559 | -0.001368 | 0.2643 | 2.345 |
        | Yc - Yo (mm)      | -2.262 | -0.1801 | -0.005161 |   0.17 | 3.988 |
        | Phic - Phio (deg) | -11.31 | -0.1202 |   0.02904 | 0.1612 | 12.23 |
        | X weights         |  373.7 |   401.9 |     403.9 |  405.1 | 405.6 |
        | Y weights         |  371.9 |   400.8 |     403.6 |  405.1 | 405.6 |
        | Phi weights       |  46.54 |   47.98 |        48 |     48 |    48 |
        +-------------------+--------+---------+-----------+--------+-------+
        
        Detecting centroid outliers using the Tukey algorithm
  33.8: 2474 reflections have been flagged as outliers
        28641 reflections remain in the manager
  33.9: 
        Summary statistics for 28641 observations matched to predictions:
        +-------------------+--------+---------+-----------+--------+-------+
        |                   |    Min |      Q1 |       Med |     Q3 |   Max |
        |-------------------+--------+---------+-----------+--------+-------|
        | Xc - Xo (mm)      | -2.227 | -0.2517 | -0.003218 | 0.2618 | 2.345 |
        | Yc - Yo (mm)      | -1.113 | -0.1693 | -0.005949 | 0.1562 | 1.279 |
        | Phic - Phio (deg) | -1.072 |  -0.111 |   0.02903 |  0.154 | 1.095 |
        | X weights         |  373.7 |   401.9 |     403.9 |  405.1 | 405.6 |
        | Y weights         |  371.9 |   400.8 |     403.6 |    405 | 405.6 |
        | Phi weights       |  47.05 |   47.98 |        48 |     48 |    48 |
        +-------------------+--------+---------+-----------+--------+-------+
        
  34.0: There are 12 parameters to refine against 10000 reflections in 3 dimensions
  35.0: 
        Refinement steps:
        +--------+--------+----------+----------+------------+
        |   Step |   Nref |   RMSD_X |   RMSD_Y |   RMSD_Phi |
        |        |        |     (mm) |     (mm) |      (deg) |
        |--------+--------+----------+----------+------------|
        |      0 |  10000 |  0.45192 |  0.2854  |    0.2218  |
        |      1 |  10000 |  0.45036 |  0.28587 |    0.22107 |
        |      2 |  10000 |  0.44936 |  0.28601 |    0.2211  |
        |      3 |  10000 |  0.4486  |  0.28582 |    0.22102 |
        |      4 |  10000 |  0.44814 |  0.28554 |    0.22107 |
        |      5 |  10000 |  0.44798 |  0.28535 |    0.2217  |
        |      6 |  10000 |  0.44796 |  0.2853  |    0.22207 |
        |      7 |  10000 |  0.44796 |  0.28529 |    0.22214 |
        |      8 |  10000 |  0.44796 |  0.28529 |    0.22214 |
        +--------+--------+----------+----------+------------+
        RMSD no longer decreasing
        
        RMSDs by experiment:
        +-------+--------+----------+----------+------------+
        |   Exp |   Nref |   RMSD_X |   RMSD_Y |     RMSD_Z |
        |    id |        |     (px) |     (px) |   (images) |
        |-------+--------+----------+----------+------------|
        |     0 |  10000 |   2.6044 |   1.6587 |    0.44429 |
        +-------+--------+----------+----------+------------+
  35.1: 
        Refined crystal models:
        model 1 (31183 reflections):
        Crystal:
            Unit cell: (79.92(4), 79.92(4), 38.113(17), 90.0, 90.0, 90.0)
            Space group: P 43 21 2
            U matrix:  {{-0.2517, -0.0310, -0.9673},
                        { 0.8821,  0.4038, -0.2425},
                        { 0.3981, -0.9143, -0.0743}}
            B matrix:  {{ 0.0125,  0.0000,  0.0000},
                        {-0.0000,  0.0125,  0.0000},
                        {-0.0000,  0.0000,  0.0262}}
            A = UB:    {{-0.0031, -0.0004, -0.0254},
                        { 0.0110,  0.0051, -0.0064},
                        { 0.0050, -0.0114, -0.0019}}
        +------------+-------------+---------------+-------------+
        |   Imageset |   # indexed |   # unindexed | % indexed   |
        |------------+-------------+---------------+-------------|
        |          0 |       31183 |         47106 | 39.8%       |
        +------------+-------------+---------------+-------------+
  35.3: Saving refined experiments to indexed.expt
        Saving refined reflections to indexed.refl
