 
                      --------------------------------
                      PROGRAM  FIT2D  Version: V10.132
                      ________________________________
 
        Copyright 1987-2001 Andy Hammersley / ESRF (hammersley@esrf.fr)
 
FIT2D: 2-D Detector Calibration/Correction; File re-formatting; 2-D Fitting
 
                      YOU CAN ALWAYS ENTER:   ?
              FOR FURTHER EXPLANATION OF REQUIRED INPUT
 
                    No commercial software used !
See "CHANGES" (keyboard menu) for important changes
 
 
!!! NOTE: "SYMBOLS" commands replaced with "VARIABLES"
!!! commands in "KEYBOARD" menu
INFO: The graphics system has been turned off by a command line option
X DIMENSION FOR ARRAYS (Range: 1 to 1000000) [2463]:2463
Y DIMENSION FOR ARRAYS (Range: 1 to 1000000) [2463]:2527
CREATE VARIANCE ARRAYS [NO]:N
------------------------------------------------------------------------------
Main menu: ENTER COMMAND [INPUT DATA]:CREAT
X DATA SIZE (Range: 1 to 2463) [2463]:2463
Y DATA SIZE (Range: 1 to 2527) [2527]:2527
Main menu: ENTER COMMAND [GAUSSIAN]:ROI
X-LOWER LIMIT (Range: 1 to 2463) [1]:1
Y-LOWER LIMIT (Range: 1 to 2527) [1]:1
X-UPPER LIMIT (Range: 1 to 2463) [2463]:492
Y-UPPER LIMIT (Range: 1 to 2527) [2527]:210
Main menu: ENTER COMMAND [IMAGE]:GAUSS
PEAK CENTRE X-COORDINATE [246.0000]:246
PEAK CENTRE Y-COORDINATE [105.0000]:105
PEAK MAXIMUM INTENSITY [1000.000]:1.0
ORIENTATION OF FIRST AXIS (Range: -360.0000 to 360.0000)
 [0.0]:0
STANDARD DEVIATION WIDTH FOR FIRST AXIS
 (Range: 0.0 to 1.700000E+38) [50.00000]:999999
STANDARD DEVIATION WIDTH FOR SECOND AXIS
 (Range: 0.0 to 1.700000E+38) [25.00000]:999999
Main menu: ENTER COMMAND [IMAGE]:ROI
X-LOWER LIMIT (Range: 1 to 2463) [1]:1
Y-LOWER LIMIT (Range: 1 to 2527) [1]:211
X-UPPER LIMIT (Range: 1 to 2463) [492]:492
Y-UPPER LIMIT (Range: 211 to 2527) [210]:420
Main menu: ENTER COMMAND [IMAGE]:GAUSS
PEAK CENTRE X-COORDINATE [246.0000]:246
PEAK CENTRE Y-COORDINATE [315.0000]:315
PEAK MAXIMUM INTENSITY [1.000000]:1.0
ORIENTATION OF FIRST AXIS (Range: -360.0000 to 360.0000)
 [0.0]:0
STANDARD DEVIATION WIDTH FOR FIRST AXIS
 (Range: 0.0 to 1.700000E+38) [9.999990E+05]:999999
STANDARD DEVIATION WIDTH FOR SECOND AXIS
 (Range: 0.0 to 1.700000E+38) [9.999990E+05]:999999
Main menu: ENTER COMMAND [IMAGE]:ROI
X-LOWER LIMIT (Range: 1 to 2463) [1]:1
Y-LOWER LIMIT (Range: 1 to 2527) [211]:421
X-UPPER LIMIT (Range: 1 to 2463) [492]:492
Y-UPPER LIMIT (Range: 421 to 2527) [420]:630
Main menu: ENTER COMMAND [IMAGE]:GAUSS
PEAK CENTRE X-COORDINATE [246.0000]:246
PEAK CENTRE Y-COORDINATE [525.0000]:525
PEAK MAXIMUM INTENSITY [1.000000]:1.0
ORIENTATION OF FIRST AXIS (Range: -360.0000 to 360.0000)
 [0.0]:0
STANDARD DEVIATION WIDTH FOR FIRST AXIS
 (Range: 0.0 to 1.700000E+38) [9.999990E+05]:999999
STANDARD DEVIATION WIDTH FOR SECOND AXIS
 (Range: 0.0 to 1.700000E+38) [9.999990E+05]:999999
Main menu: ENTER COMMAND [IMAGE]:ROI
X-LOWER LIMIT (Range: 1 to 2463) [1]:1
Y-LOWER LIMIT (Range: 1 to 2527) [421]:631
X-UPPER LIMIT (Range: 1 to 2463) [492]:492
Y-UPPER LIMIT (Range: 631 to 2527) [630]:840
Main menu: ENTER COMMAND [IMAGE]:GAUSS
PEAK CENTRE X-COORDINATE [246.0000]:246
PEAK CENTRE Y-COORDINATE [735.0000]:735
PEAK MAXIMUM INTENSITY [1.000000]:1.0
ORIENTATION OF FIRST AXIS (Range: -360.0000 to 360.0000)
 [0.0]:0
STANDARD DEVIATION WIDTH FOR FIRST AXIS
 (Range: 0.0 to 1.700000E+38) [9.999990E+05]:999999
STANDARD DEVIATION WIDTH FOR SECOND AXIS
 (Range: 0.0 to 1.700000E+38) [9.999990E+05]:999999
Main menu: ENTER COMMAND [IMAGE]:ROI
X-LOWER LIMIT (Range: 1 to 2463) [1]:1
Y-LOWER LIMIT (Range: 1 to 2527) [631]:841
X-UPPER LIMIT (Range: 1 to 2463) [492]:492
Y-UPPER LIMIT (Range: 841 to 2527) [840]:1050
Main menu: ENTER COMMAND [IMAGE]:GAUSS
PEAK CENTRE X-COORDINATE [246.0000]:246
PEAK CENTRE Y-COORDINATE [945.0000]:945
PEAK MAXIMUM INTENSITY [1.000000]:1.0
ORIENTATION OF FIRST AXIS (Range: -360.0000 to 360.0000)
 [0.0]:0
STANDARD DEVIATION WIDTH FOR FIRST AXIS
 (Range: 0.0 to 1.700000E+38) [9.999990E+05]:999999
STANDARD DEVIATION WIDTH FOR SECOND AXIS
 (Range: 0.0 to 1.700000E+38) [9.999990E+05]:999999
Main menu: ENTER COMMAND [IMAGE]:ROI
X-LOWER LIMIT (Range: 1 to 2463) [1]:1
Y-LOWER LIMIT (Range: 1 to 2527) [841]:1051
X-UPPER LIMIT (Range: 1 to 2463) [492]:492
Y-UPPER LIMIT (Range: 1051 to 2527) [1050]:1260
Main menu: ENTER COMMAND [IMAGE]:GAUSS
PEAK CENTRE X-COORDINATE [246.0000]:246
PEAK CENTRE Y-COORDINATE [1155.000]:1155
PEAK MAXIMUM INTENSITY [1.000000]:1.0
ORIENTATION OF FIRST AXIS (Range: -360.0000 to 360.0000)
 [0.0]:0
STANDARD DEVIATION WIDTH FOR FIRST AXIS
 (Range: 0.0 to 1.700000E+38) [9.999990E+05]:999999
STANDARD DEVIATION WIDTH FOR SECOND AXIS
 (Range: 0.0 to 1.700000E+38) [9.999990E+05]:999999
Main menu: ENTER COMMAND [IMAGE]:ROI
X-LOWER LIMIT (Range: 1 to 2463) [1]:1
Y-LOWER LIMIT (Range: 1 to 2527) [1051]:1261
X-UPPER LIMIT (Range: 1 to 2463) [492]:492
Y-UPPER LIMIT (Range: 1261 to 2527) [1260]:1470
Main menu: ENTER COMMAND [IMAGE]:GAUSS
PEAK CENTRE X-COORDINATE [246.0000]:246
PEAK CENTRE Y-COORDINATE [1365.000]:1365
PEAK MAXIMUM INTENSITY [1.000000]:1.0
ORIENTATION OF FIRST AXIS (Range: -360.0000 to 360.0000)
 [0.0]:0
STANDARD DEVIATION WIDTH FOR FIRST AXIS
 (Range: 0.0 to 1.700000E+38) [9.999990E+05]:999999
STANDARD DEVIATION WIDTH FOR SECOND AXIS
 (Range: 0.0 to 1.700000E+38) [9.999990E+05]:999999
Main menu: ENTER COMMAND [IMAGE]:ROI
X-LOWER LIMIT (Range: 1 to 2463) [1]:1
Y-LOWER LIMIT (Range: 1 to 2527) [1261]:1471
X-UPPER LIMIT (Range: 1 to 2463) [492]:492
Y-UPPER LIMIT (Range: 1471 to 2527) [1470]:1680
Main menu: ENTER COMMAND [IMAGE]:GAUSS
PEAK CENTRE X-COORDINATE [246.0000]:246
PEAK CENTRE Y-COORDINATE [1575.000]:1575
PEAK MAXIMUM INTENSITY [1.000000]:1.0
ORIENTATION OF FIRST AXIS (Range: -360.0000 to 360.0000)
 [0.0]:0
STANDARD DEVIATION WIDTH FOR FIRST AXIS
 (Range: 0.0 to 1.700000E+38) [9.999990E+05]:999999
STANDARD DEVIATION WIDTH FOR SECOND AXIS
 (Range: 0.0 to 1.700000E+38) [9.999990E+05]:999999
Main menu: ENTER COMMAND [IMAGE]:ROI
X-LOWER LIMIT (Range: 1 to 2463) [1]:1
Y-LOWER LIMIT (Range: 1 to 2527) [1471]:1681
X-UPPER LIMIT (Range: 1 to 2463) [492]:492
Y-UPPER LIMIT (Range: 1681 to 2527) [1680]:1890
Main menu: ENTER COMMAND [IMAGE]:GAUSS
PEAK CENTRE X-COORDINATE [246.0000]:246
PEAK CENTRE Y-COORDINATE [1785.000]:1785
PEAK MAXIMUM INTENSITY [1.000000]:1.0
ORIENTATION OF FIRST AXIS (Range: -360.0000 to 360.0000)
 [0.0]:0
STANDARD DEVIATION WIDTH FOR FIRST AXIS
 (Range: 0.0 to 1.700000E+38) [9.999990E+05]:999999
STANDARD DEVIATION WIDTH FOR SECOND AXIS
 (Range: 0.0 to 1.700000E+38) [9.999990E+05]:999999
Main menu: ENTER COMMAND [IMAGE]:ROI
X-LOWER LIMIT (Range: 1 to 2463) [1]:1
Y-LOWER LIMIT (Range: 1 to 2527) [1681]:1891
X-UPPER LIMIT (Range: 1 to 2463) [492]:492
Y-UPPER LIMIT (Range: 1891 to 2527) [1890]:2100
Main menu: ENTER COMMAND [IMAGE]:GAUSS
PEAK CENTRE X-COORDINATE [246.0000]:246
PEAK CENTRE Y-COORDINATE [1995.000]:1995
PEAK MAXIMUM INTENSITY [1.000000]:1.0
ORIENTATION OF FIRST AXIS (Range: -360.0000 to 360.0000)
 [0.0]:0
STANDARD DEVIATION WIDTH FOR FIRST AXIS
 (Range: 0.0 to 1.700000E+38) [9.999990E+05]:999999
STANDARD DEVIATION WIDTH FOR SECOND AXIS
 (Range: 0.0 to 1.700000E+38) [9.999990E+05]:999999
Main menu: ENTER COMMAND [IMAGE]:ROI
X-LOWER LIMIT (Range: 1 to 2463) [1]:1
Y-LOWER LIMIT (Range: 1 to 2527) [1891]:2101
X-UPPER LIMIT (Range: 1 to 2463) [492]:492
Y-UPPER LIMIT (Range: 2101 to 2527) [2100]:2310
Main menu: ENTER COMMAND [IMAGE]:GAUSS
PEAK CENTRE X-COORDINATE [246.0000]:246
PEAK CENTRE Y-COORDINATE [2205.000]:2205
PEAK MAXIMUM INTENSITY [1.000000]:1.0
ORIENTATION OF FIRST AXIS (Range: -360.0000 to 360.0000)
 [0.0]:0
STANDARD DEVIATION WIDTH FOR FIRST AXIS
 (Range: 0.0 to 1.700000E+38) [9.999990E+05]:999999
STANDARD DEVIATION WIDTH FOR SECOND AXIS
 (Range: 0.0 to 1.700000E+38) [9.999990E+05]:999999
Main menu: ENTER COMMAND [IMAGE]:ROI
X-LOWER LIMIT (Range: 1 to 2463) [1]:1
Y-LOWER LIMIT (Range: 1 to 2527) [2101]:2311
X-UPPER LIMIT (Range: 1 to 2463) [492]:492
Y-UPPER LIMIT (Range: 2311 to 2527) [2310]:2520
Main menu: ENTER COMMAND [IMAGE]:GAUSS
PEAK CENTRE X-COORDINATE [246.0000]:246
PEAK CENTRE Y-COORDINATE [2415.000]:2415
PEAK MAXIMUM INTENSITY [1.000000]:1.0
ORIENTATION OF FIRST AXIS (Range: -360.0000 to 360.0000)
 [0.0]:0
STANDARD DEVIATION WIDTH FOR FIRST AXIS
 (Range: 0.0 to 1.700000E+38) [9.999990E+05]:999999
STANDARD DEVIATION WIDTH FOR SECOND AXIS
 (Range: 0.0 to 1.700000E+38) [9.999990E+05]:999999
Main menu: ENTER COMMAND [IMAGE]:ROI
X-LOWER LIMIT (Range: 1 to 2463) [1]:493
Y-LOWER LIMIT (Range: 1 to 2527) [2311]:1
X-UPPER LIMIT (Range: 493 to 2463) [492]:984
Y-UPPER LIMIT (Range: 1 to 2527) [2520]:210
Main menu: ENTER COMMAND [IMAGE]:GAUSS
PEAK CENTRE X-COORDINATE [738.0000]:738
PEAK CENTRE Y-COORDINATE [105.0000]:105
PEAK MAXIMUM INTENSITY [1.000000]:1.0
ORIENTATION OF FIRST AXIS (Range: -360.0000 to 360.0000)
 [0.0]:0
STANDARD DEVIATION WIDTH FOR FIRST AXIS
 (Range: 0.0 to 1.700000E+38) [9.999990E+05]:999999
STANDARD DEVIATION WIDTH FOR SECOND AXIS
 (Range: 0.0 to 1.700000E+38) [9.999990E+05]:999999
Main menu: ENTER COMMAND [IMAGE]:ROI
X-LOWER LIMIT (Range: 1 to 2463) [493]:493
Y-LOWER LIMIT (Range: 1 to 2527) [1]:211
X-UPPER LIMIT (Range: 493 to 2463) [984]:984
Y-UPPER LIMIT (Range: 211 to 2527) [210]:420
Main menu: ENTER COMMAND [IMAGE]:GAUSS
PEAK CENTRE X-COORDINATE [738.0000]:738
PEAK CENTRE Y-COORDINATE [315.0000]:315
PEAK MAXIMUM INTENSITY [1.000000]:1.0
ORIENTATION OF FIRST AXIS (Range: -360.0000 to 360.0000)
 [0.0]:0
STANDARD DEVIATION WIDTH FOR FIRST AXIS
 (Range: 0.0 to 1.700000E+38) [9.999990E+05]:999999
STANDARD DEVIATION WIDTH FOR SECOND AXIS
 (Range: 0.0 to 1.700000E+38) [9.999990E+05]:999999
Main menu: ENTER COMMAND [IMAGE]:ROI
X-LOWER LIMIT (Range: 1 to 2463) [493]:493
Y-LOWER LIMIT (Range: 1 to 2527) [211]:421
X-UPPER LIMIT (Range: 493 to 2463) [984]:984
Y-UPPER LIMIT (Range: 421 to 2527) [420]:630
Main menu: ENTER COMMAND [IMAGE]:GAUSS
PEAK CENTRE X-COORDINATE [738.0000]:738
PEAK CENTRE Y-COORDINATE [525.0000]:525
PEAK MAXIMUM INTENSITY [1.000000]:1.0
ORIENTATION OF FIRST AXIS (Range: -360.0000 to 360.0000)
 [0.0]:0
STANDARD DEVIATION WIDTH FOR FIRST AXIS
 (Range: 0.0 to 1.700000E+38) [9.999990E+05]:999999
STANDARD DEVIATION WIDTH FOR SECOND AXIS
 (Range: 0.0 to 1.700000E+38) [9.999990E+05]:999999
Main menu: ENTER COMMAND [IMAGE]:ROI
X-LOWER LIMIT (Range: 1 to 2463) [493]:493
Y-LOWER LIMIT (Range: 1 to 2527) [421]:631
X-UPPER LIMIT (Range: 493 to 2463) [984]:984
Y-UPPER LIMIT (Range: 631 to 2527) [630]:840
Main menu: ENTER COMMAND [IMAGE]:GAUSS
PEAK CENTRE X-COORDINATE [738.0000]:738
PEAK CENTRE Y-COORDINATE [735.0000]:735
PEAK MAXIMUM INTENSITY [1.000000]:1.0
ORIENTATION OF FIRST AXIS (Range: -360.0000 to 360.0000)
 [0.0]:0
STANDARD DEVIATION WIDTH FOR FIRST AXIS
 (Range: 0.0 to 1.700000E+38) [9.999990E+05]:999999
STANDARD DEVIATION WIDTH FOR SECOND AXIS
 (Range: 0.0 to 1.700000E+38) [9.999990E+05]:999999
Main menu: ENTER COMMAND [IMAGE]:ROI
X-LOWER LIMIT (Range: 1 to 2463) [493]:493
Y-LOWER LIMIT (Range: 1 to 2527) [631]:841
X-UPPER LIMIT (Range: 493 to 2463) [984]:984
Y-UPPER LIMIT (Range: 841 to 2527) [840]:1050
Main menu: ENTER COMMAND [IMAGE]:GAUSS
PEAK CENTRE X-COORDINATE [738.0000]:738
PEAK CENTRE Y-COORDINATE [945.0000]:945
PEAK MAXIMUM INTENSITY [1.000000]:1.0
ORIENTATION OF FIRST AXIS (Range: -360.0000 to 360.0000)
 [0.0]:0
STANDARD DEVIATION WIDTH FOR FIRST AXIS
 (Range: 0.0 to 1.700000E+38) [9.999990E+05]:999999
STANDARD DEVIATION WIDTH FOR SECOND AXIS
 (Range: 0.0 to 1.700000E+38) [9.999990E+05]:999999
Main menu: ENTER COMMAND [IMAGE]:ROI
X-LOWER LIMIT (Range: 1 to 2463) [493]:493
Y-LOWER LIMIT (Range: 1 to 2527) [841]:1051
X-UPPER LIMIT (Range: 493 to 2463) [984]:984
Y-UPPER LIMIT (Range: 1051 to 2527) [1050]:1260
Main menu: ENTER COMMAND [IMAGE]:GAUSS
PEAK CENTRE X-COORDINATE [738.0000]:738
PEAK CENTRE Y-COORDINATE [1155.000]:1155
PEAK MAXIMUM INTENSITY [1.000000]:1.0
ORIENTATION OF FIRST AXIS (Range: -360.0000 to 360.0000)
 [0.0]:0
STANDARD DEVIATION WIDTH FOR FIRST AXIS
 (Range: 0.0 to 1.700000E+38) [9.999990E+05]:999999
STANDARD DEVIATION WIDTH FOR SECOND AXIS
 (Range: 0.0 to 1.700000E+38) [9.999990E+05]:999999
Main menu: ENTER COMMAND [IMAGE]:ROI
X-LOWER LIMIT (Range: 1 to 2463) [493]:493
Y-LOWER LIMIT (Range: 1 to 2527) [1051]:1261
X-UPPER LIMIT (Range: 493 to 2463) [984]:984
Y-UPPER LIMIT (Range: 1261 to 2527) [1260]:1470
Main menu: ENTER COMMAND [IMAGE]:GAUSS
PEAK CENTRE X-COORDINATE [738.0000]:738
PEAK CENTRE Y-COORDINATE [1365.000]:1365
PEAK MAXIMUM INTENSITY [1.000000]:1.0
ORIENTATION OF FIRST AXIS (Range: -360.0000 to 360.0000)
 [0.0]:0
STANDARD DEVIATION WIDTH FOR FIRST AXIS
 (Range: 0.0 to 1.700000E+38) [9.999990E+05]:999999
STANDARD DEVIATION WIDTH FOR SECOND AXIS
 (Range: 0.0 to 1.700000E+38) [9.999990E+05]:999999
Main menu: ENTER COMMAND [IMAGE]:ROI
X-LOWER LIMIT (Range: 1 to 2463) [493]:493
Y-LOWER LIMIT (Range: 1 to 2527) [1261]:1471
X-UPPER LIMIT (Range: 493 to 2463) [984]:984
Y-UPPER LIMIT (Range: 1471 to 2527) [1470]:1680
Main menu: ENTER COMMAND [IMAGE]:GAUSS
PEAK CENTRE X-COORDINATE [738.0000]:738
PEAK CENTRE Y-COORDINATE [1575.000]:1575
PEAK MAXIMUM INTENSITY [1.000000]:1.0
ORIENTATION OF FIRST AXIS (Range: -360.0000 to 360.0000)
 [0.0]:0
STANDARD DEVIATION WIDTH FOR FIRST AXIS
 (Range: 0.0 to 1.700000E+38) [9.999990E+05]:999999
STANDARD DEVIATION WIDTH FOR SECOND AXIS
 (Range: 0.0 to 1.700000E+38) [9.999990E+05]:999999
Main menu: ENTER COMMAND [IMAGE]:ROI
X-LOWER LIMIT (Range: 1 to 2463) [493]:493
Y-LOWER LIMIT (Range: 1 to 2527) [1471]:1681
X-UPPER LIMIT (Range: 493 to 2463) [984]:984
Y-UPPER LIMIT (Range: 1681 to 2527) [1680]:1890
Main menu: ENTER COMMAND [IMAGE]:GAUSS
PEAK CENTRE X-COORDINATE [738.0000]:738
PEAK CENTRE Y-COORDINATE [1785.000]:1785
PEAK MAXIMUM INTENSITY [1.000000]:1.0
ORIENTATION OF FIRST AXIS (Range: -360.0000 to 360.0000)
 [0.0]:0
STANDARD DEVIATION WIDTH FOR FIRST AXIS
 (Range: 0.0 to 1.700000E+38) [9.999990E+05]:999999
STANDARD DEVIATION WIDTH FOR SECOND AXIS
 (Range: 0.0 to 1.700000E+38) [9.999990E+05]:999999
Main menu: ENTER COMMAND [IMAGE]:ROI
X-LOWER LIMIT (Range: 1 to 2463) [493]:493
Y-LOWER LIMIT (Range: 1 to 2527) [1681]:1891
X-UPPER LIMIT (Range: 493 to 2463) [984]:984
Y-UPPER LIMIT (Range: 1891 to 2527) [1890]:2100
Main menu: ENTER COMMAND [IMAGE]:GAUSS
PEAK CENTRE X-COORDINATE [738.0000]:738
PEAK CENTRE Y-COORDINATE [1995.000]:1995
PEAK MAXIMUM INTENSITY [1.000000]:1.0
ORIENTATION OF FIRST AXIS (Range: -360.0000 to 360.0000)
 [0.0]:0
STANDARD DEVIATION WIDTH FOR FIRST AXIS
 (Range: 0.0 to 1.700000E+38) [9.999990E+05]:999999
STANDARD DEVIATION WIDTH FOR SECOND AXIS
 (Range: 0.0 to 1.700000E+38) [9.999990E+05]:999999
Main menu: ENTER COMMAND [IMAGE]:ROI
X-LOWER LIMIT (Range: 1 to 2463) [493]:493
Y-LOWER LIMIT (Range: 1 to 2527) [1891]:2101
X-UPPER LIMIT (Range: 493 to 2463) [984]:984
Y-UPPER LIMIT (Range: 2101 to 2527) [2100]:2310
Main menu: ENTER COMMAND [IMAGE]:GAUSS
PEAK CENTRE X-COORDINATE [738.0000]:738
PEAK CENTRE Y-COORDINATE [2205.000]:2205
PEAK MAXIMUM INTENSITY [1.000000]:1.0
ORIENTATION OF FIRST AXIS (Range: -360.0000 to 360.0000)
 [0.0]:0
STANDARD DEVIATION WIDTH FOR FIRST AXIS
 (Range: 0.0 to 1.700000E+38) [9.999990E+05]:999999
STANDARD DEVIATION WIDTH FOR SECOND AXIS
 (Range: 0.0 to 1.700000E+38) [9.999990E+05]:999999
Main menu: ENTER COMMAND [IMAGE]:ROI
X-LOWER LIMIT (Range: 1 to 2463) [493]:493
Y-LOWER LIMIT (Range: 1 to 2527) [2101]:2311
X-UPPER LIMIT (Range: 493 to 2463) [984]:984
Y-UPPER LIMIT (Range: 2311 to 2527) [2310]:2520
Main menu: ENTER COMMAND [IMAGE]:GAUSS
PEAK CENTRE X-COORDINATE [738.0000]:738
PEAK CENTRE Y-COORDINATE [2415.000]:2415
PEAK MAXIMUM INTENSITY [1.000000]:1.0
ORIENTATION OF FIRST AXIS (Range: -360.0000 to 360.0000)
 [0.0]:0
STANDARD DEVIATION WIDTH FOR FIRST AXIS
 (Range: 0.0 to 1.700000E+38) [9.999990E+05]:999999
STANDARD DEVIATION WIDTH FOR SECOND AXIS
 (Range: 0.0 to 1.700000E+38) [9.999990E+05]:999999
Main menu: ENTER COMMAND [IMAGE]:ROI
X-LOWER LIMIT (Range: 1 to 2463) [493]:985
Y-LOWER LIMIT (Range: 1 to 2527) [2311]:1
X-UPPER LIMIT (Range: 985 to 2463) [984]:1476
Y-UPPER LIMIT (Range: 1 to 2527) [2520]:210
Main menu: ENTER COMMAND [IMAGE]:GAUSS
PEAK CENTRE X-COORDINATE [1230.000]:1230
PEAK CENTRE Y-COORDINATE [105.0000]:105
PEAK MAXIMUM INTENSITY [1.000000]:1.0
ORIENTATION OF FIRST AXIS (Range: -360.0000 to 360.0000)
 [0.0]:0
STANDARD DEVIATION WIDTH FOR FIRST AXIS
 (Range: 0.0 to 1.700000E+38) [9.999990E+05]:999999
STANDARD DEVIATION WIDTH FOR SECOND AXIS
 (Range: 0.0 to 1.700000E+38) [9.999990E+05]:999999
Main menu: ENTER COMMAND [IMAGE]:ROI
X-LOWER LIMIT (Range: 1 to 2463) [985]:985
Y-LOWER LIMIT (Range: 1 to 2527) [1]:211
X-UPPER LIMIT (Range: 985 to 2463) [1476]:1476
Y-UPPER LIMIT (Range: 211 to 2527) [210]:420
Main menu: ENTER COMMAND [IMAGE]:GAUSS
PEAK CENTRE X-COORDINATE [1230.000]:1230
PEAK CENTRE Y-COORDINATE [315.0000]:315
PEAK MAXIMUM INTENSITY [1.000000]:1.0
ORIENTATION OF FIRST AXIS (Range: -360.0000 to 360.0000)
 [0.0]:0
STANDARD DEVIATION WIDTH FOR FIRST AXIS
 (Range: 0.0 to 1.700000E+38) [9.999990E+05]:999999
STANDARD DEVIATION WIDTH FOR SECOND AXIS
 (Range: 0.0 to 1.700000E+38) [9.999990E+05]:999999
Main menu: ENTER COMMAND [IMAGE]:ROI
X-LOWER LIMIT (Range: 1 to 2463) [985]:985
Y-LOWER LIMIT (Range: 1 to 2527) [211]:421
X-UPPER LIMIT (Range: 985 to 2463) [1476]:1476
Y-UPPER LIMIT (Range: 421 to 2527) [420]:630
Main menu: ENTER COMMAND [IMAGE]:GAUSS
PEAK CENTRE X-COORDINATE [1230.000]:1230
PEAK CENTRE Y-COORDINATE [525.0000]:525
PEAK MAXIMUM INTENSITY [1.000000]:1.0
ORIENTATION OF FIRST AXIS (Range: -360.0000 to 360.0000)
 [0.0]:0
STANDARD DEVIATION WIDTH FOR FIRST AXIS
 (Range: 0.0 to 1.700000E+38) [9.999990E+05]:999999
STANDARD DEVIATION WIDTH FOR SECOND AXIS
 (Range: 0.0 to 1.700000E+38) [9.999990E+05]:999999
Main menu: ENTER COMMAND [IMAGE]:ROI
X-LOWER LIMIT (Range: 1 to 2463) [985]:985
Y-LOWER LIMIT (Range: 1 to 2527) [421]:631
X-UPPER LIMIT (Range: 985 to 2463) [1476]:1476
Y-UPPER LIMIT (Range: 631 to 2527) [630]:840
Main menu: ENTER COMMAND [IMAGE]:GAUSS
PEAK CENTRE X-COORDINATE [1230.000]:1230
PEAK CENTRE Y-COORDINATE [735.0000]:735
PEAK MAXIMUM INTENSITY [1.000000]:1.0
ORIENTATION OF FIRST AXIS (Range: -360.0000 to 360.0000)
 [0.0]:0
STANDARD DEVIATION WIDTH FOR FIRST AXIS
 (Range: 0.0 to 1.700000E+38) [9.999990E+05]:999999
STANDARD DEVIATION WIDTH FOR SECOND AXIS
 (Range: 0.0 to 1.700000E+38) [9.999990E+05]:999999
Main menu: ENTER COMMAND [IMAGE]:ROI
X-LOWER LIMIT (Range: 1 to 2463) [985]:985
Y-LOWER LIMIT (Range: 1 to 2527) [631]:841
X-UPPER LIMIT (Range: 985 to 2463) [1476]:1476
Y-UPPER LIMIT (Range: 841 to 2527) [840]:1050
Main menu: ENTER COMMAND [IMAGE]:GAUSS
PEAK CENTRE X-COORDINATE [1230.000]:1230
PEAK CENTRE Y-COORDINATE [945.0000]:945
PEAK MAXIMUM INTENSITY [1.000000]:1.0
ORIENTATION OF FIRST AXIS (Range: -360.0000 to 360.0000)
 [0.0]:0
STANDARD DEVIATION WIDTH FOR FIRST AXIS
 (Range: 0.0 to 1.700000E+38) [9.999990E+05]:999999
STANDARD DEVIATION WIDTH FOR SECOND AXIS
 (Range: 0.0 to 1.700000E+38) [9.999990E+05]:999999
Main menu: ENTER COMMAND [IMAGE]:ROI
X-LOWER LIMIT (Range: 1 to 2463) [985]:985
Y-LOWER LIMIT (Range: 1 to 2527) [841]:1051
X-UPPER LIMIT (Range: 985 to 2463) [1476]:1476
Y-UPPER LIMIT (Range: 1051 to 2527) [1050]:1260
Main menu: ENTER COMMAND [IMAGE]:GAUSS
PEAK CENTRE X-COORDINATE [1230.000]:1230
PEAK CENTRE Y-COORDINATE [1155.000]:1155
PEAK MAXIMUM INTENSITY [1.000000]:1.0
ORIENTATION OF FIRST AXIS (Range: -360.0000 to 360.0000)
 [0.0]:0
STANDARD DEVIATION WIDTH FOR FIRST AXIS
 (Range: 0.0 to 1.700000E+38) [9.999990E+05]:999999
STANDARD DEVIATION WIDTH FOR SECOND AXIS
 (Range: 0.0 to 1.700000E+38) [9.999990E+05]:999999
Main menu: ENTER COMMAND [IMAGE]:ROI
X-LOWER LIMIT (Range: 1 to 2463) [985]:985
Y-LOWER LIMIT (Range: 1 to 2527) [1051]:1261
X-UPPER LIMIT (Range: 985 to 2463) [1476]:1476
Y-UPPER LIMIT (Range: 1261 to 2527) [1260]:1470
Main menu: ENTER COMMAND [IMAGE]:GAUSS
PEAK CENTRE X-COORDINATE [1230.000]:1230
PEAK CENTRE Y-COORDINATE [1365.000]:1365
PEAK MAXIMUM INTENSITY [1.000000]:1.0
ORIENTATION OF FIRST AXIS (Range: -360.0000 to 360.0000)
 [0.0]:0
STANDARD DEVIATION WIDTH FOR FIRST AXIS
 (Range: 0.0 to 1.700000E+38) [9.999990E+05]:999999
STANDARD DEVIATION WIDTH FOR SECOND AXIS
 (Range: 0.0 to 1.700000E+38) [9.999990E+05]:999999
Main menu: ENTER COMMAND [IMAGE]:ROI
X-LOWER LIMIT (Range: 1 to 2463) [985]:985
Y-LOWER LIMIT (Range: 1 to 2527) [1261]:1471
X-UPPER LIMIT (Range: 985 to 2463) [1476]:1476
Y-UPPER LIMIT (Range: 1471 to 2527) [1470]:1680
Main menu: ENTER COMMAND [IMAGE]:GAUSS
PEAK CENTRE X-COORDINATE [1230.000]:1230
PEAK CENTRE Y-COORDINATE [1575.000]:1575
PEAK MAXIMUM INTENSITY [1.000000]:1.0
ORIENTATION OF FIRST AXIS (Range: -360.0000 to 360.0000)
 [0.0]:0
STANDARD DEVIATION WIDTH FOR FIRST AXIS
 (Range: 0.0 to 1.700000E+38) [9.999990E+05]:999999
STANDARD DEVIATION WIDTH FOR SECOND AXIS
 (Range: 0.0 to 1.700000E+38) [9.999990E+05]:999999
Main menu: ENTER COMMAND [IMAGE]:ROI
X-LOWER LIMIT (Range: 1 to 2463) [985]:985
Y-LOWER LIMIT (Range: 1 to 2527) [1471]:1681
X-UPPER LIMIT (Range: 985 to 2463) [1476]:1476
Y-UPPER LIMIT (Range: 1681 to 2527) [1680]:1890
Main menu: ENTER COMMAND [IMAGE]:GAUSS
PEAK CENTRE X-COORDINATE [1230.000]:1230
PEAK CENTRE Y-COORDINATE [1785.000]:1785
PEAK MAXIMUM INTENSITY [1.000000]:1.0
ORIENTATION OF FIRST AXIS (Range: -360.0000 to 360.0000)
 [0.0]:0
STANDARD DEVIATION WIDTH FOR FIRST AXIS
 (Range: 0.0 to 1.700000E+38) [9.999990E+05]:999999
STANDARD DEVIATION WIDTH FOR SECOND AXIS
 (Range: 0.0 to 1.700000E+38) [9.999990E+05]:999999
Main menu: ENTER COMMAND [IMAGE]:ROI
X-LOWER LIMIT (Range: 1 to 2463) [985]:985
Y-LOWER LIMIT (Range: 1 to 2527) [1681]:1891
X-UPPER LIMIT (Range: 985 to 2463) [1476]:1476
Y-UPPER LIMIT (Range: 1891 to 2527) [1890]:2100
Main menu: ENTER COMMAND [IMAGE]:GAUSS
PEAK CENTRE X-COORDINATE [1230.000]:1230
PEAK CENTRE Y-COORDINATE [1995.000]:1995
PEAK MAXIMUM INTENSITY [1.000000]:1.0
ORIENTATION OF FIRST AXIS (Range: -360.0000 to 360.0000)
 [0.0]:0
STANDARD DEVIATION WIDTH FOR FIRST AXIS
 (Range: 0.0 to 1.700000E+38) [9.999990E+05]:999999
STANDARD DEVIATION WIDTH FOR SECOND AXIS
 (Range: 0.0 to 1.700000E+38) [9.999990E+05]:999999
Main menu: ENTER COMMAND [IMAGE]:ROI
X-LOWER LIMIT (Range: 1 to 2463) [985]:985
Y-LOWER LIMIT (Range: 1 to 2527) [1891]:2101
X-UPPER LIMIT (Range: 985 to 2463) [1476]:1476
Y-UPPER LIMIT (Range: 2101 to 2527) [2100]:2310
Main menu: ENTER COMMAND [IMAGE]:GAUSS
PEAK CENTRE X-COORDINATE [1230.000]:1230
PEAK CENTRE Y-COORDINATE [2205.000]:2205
PEAK MAXIMUM INTENSITY [1.000000]:1.0
ORIENTATION OF FIRST AXIS (Range: -360.0000 to 360.0000)
 [0.0]:0
STANDARD DEVIATION WIDTH FOR FIRST AXIS
 (Range: 0.0 to 1.700000E+38) [9.999990E+05]:999999
STANDARD DEVIATION WIDTH FOR SECOND AXIS
 (Range: 0.0 to 1.700000E+38) [9.999990E+05]:999999
Main menu: ENTER COMMAND [IMAGE]:ROI
X-LOWER LIMIT (Range: 1 to 2463) [985]:985
Y-LOWER LIMIT (Range: 1 to 2527) [2101]:2311
X-UPPER LIMIT (Range: 985 to 2463) [1476]:1476
Y-UPPER LIMIT (Range: 2311 to 2527) [2310]:2520
Main menu: ENTER COMMAND [IMAGE]:GAUSS
PEAK CENTRE X-COORDINATE [1230.000]:1230
PEAK CENTRE Y-COORDINATE [2415.000]:2415
PEAK MAXIMUM INTENSITY [1.000000]:1.0
ORIENTATION OF FIRST AXIS (Range: -360.0000 to 360.0000)
 [0.0]:0
STANDARD DEVIATION WIDTH FOR FIRST AXIS
 (Range: 0.0 to 1.700000E+38) [9.999990E+05]:999999
STANDARD DEVIATION WIDTH FOR SECOND AXIS
 (Range: 0.0 to 1.700000E+38) [9.999990E+05]:999999
Main menu: ENTER COMMAND [IMAGE]:ROI
X-LOWER LIMIT (Range: 1 to 2463) [985]:1477
Y-LOWER LIMIT (Range: 1 to 2527) [2311]:1
X-UPPER LIMIT (Range: 1477 to 2463) [1476]:1968
Y-UPPER LIMIT (Range: 1 to 2527) [2520]:210
Main menu: ENTER COMMAND [IMAGE]:GAUSS
PEAK CENTRE X-COORDINATE [1722.000]:1722
PEAK CENTRE Y-COORDINATE [105.0000]:105
PEAK MAXIMUM INTENSITY [1.000000]:1.0
ORIENTATION OF FIRST AXIS (Range: -360.0000 to 360.0000)
 [0.0]:0
STANDARD DEVIATION WIDTH FOR FIRST AXIS
 (Range: 0.0 to 1.700000E+38) [9.999990E+05]:999999
STANDARD DEVIATION WIDTH FOR SECOND AXIS
 (Range: 0.0 to 1.700000E+38) [9.999990E+05]:999999
Main menu: ENTER COMMAND [IMAGE]:ROI
X-LOWER LIMIT (Range: 1 to 2463) [1477]:1477
Y-LOWER LIMIT (Range: 1 to 2527) [1]:211
X-UPPER LIMIT (Range: 1477 to 2463) [1968]:1968
Y-UPPER LIMIT (Range: 211 to 2527) [210]:420
Main menu: ENTER COMMAND [IMAGE]:GAUSS
PEAK CENTRE X-COORDINATE [1722.000]:1722
PEAK CENTRE Y-COORDINATE [315.0000]:315
PEAK MAXIMUM INTENSITY [1.000000]:1.0
ORIENTATION OF FIRST AXIS (Range: -360.0000 to 360.0000)
 [0.0]:0
STANDARD DEVIATION WIDTH FOR FIRST AXIS
 (Range: 0.0 to 1.700000E+38) [9.999990E+05]:999999
STANDARD DEVIATION WIDTH FOR SECOND AXIS
 (Range: 0.0 to 1.700000E+38) [9.999990E+05]:999999
Main menu: ENTER COMMAND [IMAGE]:ROI
X-LOWER LIMIT (Range: 1 to 2463) [1477]:1477
Y-LOWER LIMIT (Range: 1 to 2527) [211]:421
X-UPPER LIMIT (Range: 1477 to 2463) [1968]:1968
Y-UPPER LIMIT (Range: 421 to 2527) [420]:630
Main menu: ENTER COMMAND [IMAGE]:GAUSS
PEAK CENTRE X-COORDINATE [1722.000]:1722
PEAK CENTRE Y-COORDINATE [525.0000]:525
PEAK MAXIMUM INTENSITY [1.000000]:1.0
ORIENTATION OF FIRST AXIS (Range: -360.0000 to 360.0000)
 [0.0]:0
STANDARD DEVIATION WIDTH FOR FIRST AXIS
 (Range: 0.0 to 1.700000E+38) [9.999990E+05]:999999
STANDARD DEVIATION WIDTH FOR SECOND AXIS
 (Range: 0.0 to 1.700000E+38) [9.999990E+05]:999999
Main menu: ENTER COMMAND [IMAGE]:ROI
X-LOWER LIMIT (Range: 1 to 2463) [1477]:1477
Y-LOWER LIMIT (Range: 1 to 2527) [421]:631
X-UPPER LIMIT (Range: 1477 to 2463) [1968]:1968
Y-UPPER LIMIT (Range: 631 to 2527) [630]:840
Main menu: ENTER COMMAND [IMAGE]:GAUSS
PEAK CENTRE X-COORDINATE [1722.000]:1722
PEAK CENTRE Y-COORDINATE [735.0000]:735
PEAK MAXIMUM INTENSITY [1.000000]:1.0
ORIENTATION OF FIRST AXIS (Range: -360.0000 to 360.0000)
 [0.0]:0
STANDARD DEVIATION WIDTH FOR FIRST AXIS
 (Range: 0.0 to 1.700000E+38) [9.999990E+05]:999999
STANDARD DEVIATION WIDTH FOR SECOND AXIS
 (Range: 0.0 to 1.700000E+38) [9.999990E+05]:999999
Main menu: ENTER COMMAND [IMAGE]:ROI
X-LOWER LIMIT (Range: 1 to 2463) [1477]:1477
Y-LOWER LIMIT (Range: 1 to 2527) [631]:841
X-UPPER LIMIT (Range: 1477 to 2463) [1968]:1968
Y-UPPER LIMIT (Range: 841 to 2527) [840]:1050
Main menu: ENTER COMMAND [IMAGE]:GAUSS
PEAK CENTRE X-COORDINATE [1722.000]:1722
PEAK CENTRE Y-COORDINATE [945.0000]:945
PEAK MAXIMUM INTENSITY [1.000000]:1.0
ORIENTATION OF FIRST AXIS (Range: -360.0000 to 360.0000)
 [0.0]:0
STANDARD DEVIATION WIDTH FOR FIRST AXIS
 (Range: 0.0 to 1.700000E+38) [9.999990E+05]:999999
STANDARD DEVIATION WIDTH FOR SECOND AXIS
 (Range: 0.0 to 1.700000E+38) [9.999990E+05]:999999
Main menu: ENTER COMMAND [IMAGE]:ROI
X-LOWER LIMIT (Range: 1 to 2463) [1477]:1477
Y-LOWER LIMIT (Range: 1 to 2527) [841]:1051
X-UPPER LIMIT (Range: 1477 to 2463) [1968]:1968
Y-UPPER LIMIT (Range: 1051 to 2527) [1050]:1260
Main menu: ENTER COMMAND [IMAGE]:GAUSS
PEAK CENTRE X-COORDINATE [1722.000]:1722
PEAK CENTRE Y-COORDINATE [1155.000]:1155
PEAK MAXIMUM INTENSITY [1.000000]:1.0
ORIENTATION OF FIRST AXIS (Range: -360.0000 to 360.0000)
 [0.0]:0
STANDARD DEVIATION WIDTH FOR FIRST AXIS
 (Range: 0.0 to 1.700000E+38) [9.999990E+05]:999999
STANDARD DEVIATION WIDTH FOR SECOND AXIS
 (Range: 0.0 to 1.700000E+38) [9.999990E+05]:999999
Main menu: ENTER COMMAND [IMAGE]:ROI
X-LOWER LIMIT (Range: 1 to 2463) [1477]:1477
Y-LOWER LIMIT (Range: 1 to 2527) [1051]:1261
X-UPPER LIMIT (Range: 1477 to 2463) [1968]:1968
Y-UPPER LIMIT (Range: 1261 to 2527) [1260]:1470
Main menu: ENTER COMMAND [IMAGE]:GAUSS
PEAK CENTRE X-COORDINATE [1722.000]:1722
PEAK CENTRE Y-COORDINATE [1365.000]:1365
PEAK MAXIMUM INTENSITY [1.000000]:1.0
ORIENTATION OF FIRST AXIS (Range: -360.0000 to 360.0000)
 [0.0]:0
STANDARD DEVIATION WIDTH FOR FIRST AXIS
 (Range: 0.0 to 1.700000E+38) [9.999990E+05]:999999
STANDARD DEVIATION WIDTH FOR SECOND AXIS
 (Range: 0.0 to 1.700000E+38) [9.999990E+05]:999999
Main menu: ENTER COMMAND [IMAGE]:ROI
X-LOWER LIMIT (Range: 1 to 2463) [1477]:1477
Y-LOWER LIMIT (Range: 1 to 2527) [1261]:1471
X-UPPER LIMIT (Range: 1477 to 2463) [1968]:1968
Y-UPPER LIMIT (Range: 1471 to 2527) [1470]:1680
Main menu: ENTER COMMAND [IMAGE]:GAUSS
PEAK CENTRE X-COORDINATE [1722.000]:1722
PEAK CENTRE Y-COORDINATE [1575.000]:1575
PEAK MAXIMUM INTENSITY [1.000000]:1.0
ORIENTATION OF FIRST AXIS (Range: -360.0000 to 360.0000)
 [0.0]:0
STANDARD DEVIATION WIDTH FOR FIRST AXIS
 (Range: 0.0 to 1.700000E+38) [9.999990E+05]:999999
STANDARD DEVIATION WIDTH FOR SECOND AXIS
 (Range: 0.0 to 1.700000E+38) [9.999990E+05]:999999
Main menu: ENTER COMMAND [IMAGE]:ROI
X-LOWER LIMIT (Range: 1 to 2463) [1477]:1477
Y-LOWER LIMIT (Range: 1 to 2527) [1471]:1681
X-UPPER LIMIT (Range: 1477 to 2463) [1968]:1968
Y-UPPER LIMIT (Range: 1681 to 2527) [1680]:1890
Main menu: ENTER COMMAND [IMAGE]:GAUSS
PEAK CENTRE X-COORDINATE [1722.000]:1722
PEAK CENTRE Y-COORDINATE [1785.000]:1785
PEAK MAXIMUM INTENSITY [1.000000]:1.0
ORIENTATION OF FIRST AXIS (Range: -360.0000 to 360.0000)
 [0.0]:0
STANDARD DEVIATION WIDTH FOR FIRST AXIS
 (Range: 0.0 to 1.700000E+38) [9.999990E+05]:999999
STANDARD DEVIATION WIDTH FOR SECOND AXIS
 (Range: 0.0 to 1.700000E+38) [9.999990E+05]:999999
Main menu: ENTER COMMAND [IMAGE]:ROI
X-LOWER LIMIT (Range: 1 to 2463) [1477]:1477
Y-LOWER LIMIT (Range: 1 to 2527) [1681]:1891
X-UPPER LIMIT (Range: 1477 to 2463) [1968]:1968
Y-UPPER LIMIT (Range: 1891 to 2527) [1890]:2100
Main menu: ENTER COMMAND [IMAGE]:GAUSS
PEAK CENTRE X-COORDINATE [1722.000]:1722
PEAK CENTRE Y-COORDINATE [1995.000]:1995
PEAK MAXIMUM INTENSITY [1.000000]:1.0
ORIENTATION OF FIRST AXIS (Range: -360.0000 to 360.0000)
 [0.0]:0
STANDARD DEVIATION WIDTH FOR FIRST AXIS
 (Range: 0.0 to 1.700000E+38) [9.999990E+05]:999999
STANDARD DEVIATION WIDTH FOR SECOND AXIS
 (Range: 0.0 to 1.700000E+38) [9.999990E+05]:999999
Main menu: ENTER COMMAND [IMAGE]:ROI
X-LOWER LIMIT (Range: 1 to 2463) [1477]:1477
Y-LOWER LIMIT (Range: 1 to 2527) [1891]:2101
X-UPPER LIMIT (Range: 1477 to 2463) [1968]:1968
Y-UPPER LIMIT (Range: 2101 to 2527) [2100]:2310
Main menu: ENTER COMMAND [IMAGE]:GAUSS
PEAK CENTRE X-COORDINATE [1722.000]:1722
PEAK CENTRE Y-COORDINATE [2205.000]:2205
PEAK MAXIMUM INTENSITY [1.000000]:1.0
ORIENTATION OF FIRST AXIS (Range: -360.0000 to 360.0000)
 [0.0]:0
STANDARD DEVIATION WIDTH FOR FIRST AXIS
 (Range: 0.0 to 1.700000E+38) [9.999990E+05]:999999
STANDARD DEVIATION WIDTH FOR SECOND AXIS
 (Range: 0.0 to 1.700000E+38) [9.999990E+05]:999999
Main menu: ENTER COMMAND [IMAGE]:ROI
X-LOWER LIMIT (Range: 1 to 2463) [1477]:1477
Y-LOWER LIMIT (Range: 1 to 2527) [2101]:2311
X-UPPER LIMIT (Range: 1477 to 2463) [1968]:1968
Y-UPPER LIMIT (Range: 2311 to 2527) [2310]:2520
Main menu: ENTER COMMAND [IMAGE]:GAUSS
PEAK CENTRE X-COORDINATE [1722.000]:1722
PEAK CENTRE Y-COORDINATE [2415.000]:2415
PEAK MAXIMUM INTENSITY [1.000000]:1.0
ORIENTATION OF FIRST AXIS (Range: -360.0000 to 360.0000)
 [0.0]:0
STANDARD DEVIATION WIDTH FOR FIRST AXIS
 (Range: 0.0 to 1.700000E+38) [9.999990E+05]:999999
STANDARD DEVIATION WIDTH FOR SECOND AXIS
 (Range: 0.0 to 1.700000E+38) [9.999990E+05]:999999
Main menu: ENTER COMMAND [IMAGE]:ROI
X-LOWER LIMIT (Range: 1 to 2463) [1477]:1969
Y-LOWER LIMIT (Range: 1 to 2527) [2311]:1
X-UPPER LIMIT (Range: 1969 to 2463) [1968]:2460
Y-UPPER LIMIT (Range: 1 to 2527) [2520]:210
Main menu: ENTER COMMAND [IMAGE]:GAUSS
PEAK CENTRE X-COORDINATE [2214.000]:2214
PEAK CENTRE Y-COORDINATE [105.0000]:105
PEAK MAXIMUM INTENSITY [1.000000]:1.0
ORIENTATION OF FIRST AXIS (Range: -360.0000 to 360.0000)
 [0.0]:0
STANDARD DEVIATION WIDTH FOR FIRST AXIS
 (Range: 0.0 to 1.700000E+38) [9.999990E+05]:999999
STANDARD DEVIATION WIDTH FOR SECOND AXIS
 (Range: 0.0 to 1.700000E+38) [9.999990E+05]:999999
Main menu: ENTER COMMAND [IMAGE]:ROI
X-LOWER LIMIT (Range: 1 to 2463) [1969]:1969
Y-LOWER LIMIT (Range: 1 to 2527) [1]:211
X-UPPER LIMIT (Range: 1969 to 2463) [2460]:2460
Y-UPPER LIMIT (Range: 211 to 2527) [210]:420
Main menu: ENTER COMMAND [IMAGE]:GAUSS
PEAK CENTRE X-COORDINATE [2214.000]:2214
PEAK CENTRE Y-COORDINATE [315.0000]:315
PEAK MAXIMUM INTENSITY [1.000000]:1.0
ORIENTATION OF FIRST AXIS (Range: -360.0000 to 360.0000)
 [0.0]:0
STANDARD DEVIATION WIDTH FOR FIRST AXIS
 (Range: 0.0 to 1.700000E+38) [9.999990E+05]:999999
STANDARD DEVIATION WIDTH FOR SECOND AXIS
 (Range: 0.0 to 1.700000E+38) [9.999990E+05]:999999
Main menu: ENTER COMMAND [IMAGE]:ROI
X-LOWER LIMIT (Range: 1 to 2463) [1969]:1969
Y-LOWER LIMIT (Range: 1 to 2527) [211]:421
X-UPPER LIMIT (Range: 1969 to 2463) [2460]:2460
Y-UPPER LIMIT (Range: 421 to 2527) [420]:630
Main menu: ENTER COMMAND [IMAGE]:GAUSS
PEAK CENTRE X-COORDINATE [2214.000]:2214
PEAK CENTRE Y-COORDINATE [525.0000]:525
PEAK MAXIMUM INTENSITY [1.000000]:1.0
ORIENTATION OF FIRST AXIS (Range: -360.0000 to 360.0000)
 [0.0]:0
STANDARD DEVIATION WIDTH FOR FIRST AXIS
 (Range: 0.0 to 1.700000E+38) [9.999990E+05]:999999
STANDARD DEVIATION WIDTH FOR SECOND AXIS
 (Range: 0.0 to 1.700000E+38) [9.999990E+05]:999999
Main menu: ENTER COMMAND [IMAGE]:ROI
X-LOWER LIMIT (Range: 1 to 2463) [1969]:1969
Y-LOWER LIMIT (Range: 1 to 2527) [421]:631
X-UPPER LIMIT (Range: 1969 to 2463) [2460]:2460
Y-UPPER LIMIT (Range: 631 to 2527) [630]:840
Main menu: ENTER COMMAND [IMAGE]:GAUSS
PEAK CENTRE X-COORDINATE [2214.000]:2214
PEAK CENTRE Y-COORDINATE [735.0000]:735
PEAK MAXIMUM INTENSITY [1.000000]:1.0
ORIENTATION OF FIRST AXIS (Range: -360.0000 to 360.0000)
 [0.0]:0
STANDARD DEVIATION WIDTH FOR FIRST AXIS
 (Range: 0.0 to 1.700000E+38) [9.999990E+05]:999999
STANDARD DEVIATION WIDTH FOR SECOND AXIS
 (Range: 0.0 to 1.700000E+38) [9.999990E+05]:999999
Main menu: ENTER COMMAND [IMAGE]:ROI
X-LOWER LIMIT (Range: 1 to 2463) [1969]:1969
Y-LOWER LIMIT (Range: 1 to 2527) [631]:841
X-UPPER LIMIT (Range: 1969 to 2463) [2460]:2460
Y-UPPER LIMIT (Range: 841 to 2527) [840]:1050
Main menu: ENTER COMMAND [IMAGE]:GAUSS
PEAK CENTRE X-COORDINATE [2214.000]:2214
PEAK CENTRE Y-COORDINATE [945.0000]:945
PEAK MAXIMUM INTENSITY [1.000000]:1.0
ORIENTATION OF FIRST AXIS (Range: -360.0000 to 360.0000)
 [0.0]:0
STANDARD DEVIATION WIDTH FOR FIRST AXIS
 (Range: 0.0 to 1.700000E+38) [9.999990E+05]:999999
STANDARD DEVIATION WIDTH FOR SECOND AXIS
 (Range: 0.0 to 1.700000E+38) [9.999990E+05]:999999
Main menu: ENTER COMMAND [IMAGE]:ROI
X-LOWER LIMIT (Range: 1 to 2463) [1969]:1969
Y-LOWER LIMIT (Range: 1 to 2527) [841]:1051
X-UPPER LIMIT (Range: 1969 to 2463) [2460]:2460
Y-UPPER LIMIT (Range: 1051 to 2527) [1050]:1260
Main menu: ENTER COMMAND [IMAGE]:GAUSS
PEAK CENTRE X-COORDINATE [2214.000]:2214
PEAK CENTRE Y-COORDINATE [1155.000]:1155
PEAK MAXIMUM INTENSITY [1.000000]:1.0
ORIENTATION OF FIRST AXIS (Range: -360.0000 to 360.0000)
 [0.0]:0
STANDARD DEVIATION WIDTH FOR FIRST AXIS
 (Range: 0.0 to 1.700000E+38) [9.999990E+05]:999999
STANDARD DEVIATION WIDTH FOR SECOND AXIS
 (Range: 0.0 to 1.700000E+38) [9.999990E+05]:999999
Main menu: ENTER COMMAND [IMAGE]:ROI
X-LOWER LIMIT (Range: 1 to 2463) [1969]:1969
Y-LOWER LIMIT (Range: 1 to 2527) [1051]:1261
X-UPPER LIMIT (Range: 1969 to 2463) [2460]:2460
Y-UPPER LIMIT (Range: 1261 to 2527) [1260]:1470
Main menu: ENTER COMMAND [IMAGE]:GAUSS
PEAK CENTRE X-COORDINATE [2214.000]:2214
PEAK CENTRE Y-COORDINATE [1365.000]:1365
PEAK MAXIMUM INTENSITY [1.000000]:1.0
ORIENTATION OF FIRST AXIS (Range: -360.0000 to 360.0000)
 [0.0]:0
STANDARD DEVIATION WIDTH FOR FIRST AXIS
 (Range: 0.0 to 1.700000E+38) [9.999990E+05]:999999
STANDARD DEVIATION WIDTH FOR SECOND AXIS
 (Range: 0.0 to 1.700000E+38) [9.999990E+05]:999999
Main menu: ENTER COMMAND [IMAGE]:ROI
X-LOWER LIMIT (Range: 1 to 2463) [1969]:1969
Y-LOWER LIMIT (Range: 1 to 2527) [1261]:1471
X-UPPER LIMIT (Range: 1969 to 2463) [2460]:2460
Y-UPPER LIMIT (Range: 1471 to 2527) [1470]:1680
Main menu: ENTER COMMAND [IMAGE]:GAUSS
PEAK CENTRE X-COORDINATE [2214.000]:2214
PEAK CENTRE Y-COORDINATE [1575.000]:1575
PEAK MAXIMUM INTENSITY [1.000000]:1.0
ORIENTATION OF FIRST AXIS (Range: -360.0000 to 360.0000)
 [0.0]:0
STANDARD DEVIATION WIDTH FOR FIRST AXIS
 (Range: 0.0 to 1.700000E+38) [9.999990E+05]:999999
STANDARD DEVIATION WIDTH FOR SECOND AXIS
 (Range: 0.0 to 1.700000E+38) [9.999990E+05]:999999
Main menu: ENTER COMMAND [IMAGE]:ROI
X-LOWER LIMIT (Range: 1 to 2463) [1969]:1969
Y-LOWER LIMIT (Range: 1 to 2527) [1471]:1681
X-UPPER LIMIT (Range: 1969 to 2463) [2460]:2460
Y-UPPER LIMIT (Range: 1681 to 2527) [1680]:1890
Main menu: ENTER COMMAND [IMAGE]:GAUSS
PEAK CENTRE X-COORDINATE [2214.000]:2214
PEAK CENTRE Y-COORDINATE [1785.000]:1785
PEAK MAXIMUM INTENSITY [1.000000]:1.0
ORIENTATION OF FIRST AXIS (Range: -360.0000 to 360.0000)
 [0.0]:0
STANDARD DEVIATION WIDTH FOR FIRST AXIS
 (Range: 0.0 to 1.700000E+38) [9.999990E+05]:999999
STANDARD DEVIATION WIDTH FOR SECOND AXIS
 (Range: 0.0 to 1.700000E+38) [9.999990E+05]:999999
Main menu: ENTER COMMAND [IMAGE]:ROI
X-LOWER LIMIT (Range: 1 to 2463) [1969]:1969
Y-LOWER LIMIT (Range: 1 to 2527) [1681]:1891
X-UPPER LIMIT (Range: 1969 to 2463) [2460]:2460
Y-UPPER LIMIT (Range: 1891 to 2527) [1890]:2100
Main menu: ENTER COMMAND [IMAGE]:GAUSS
PEAK CENTRE X-COORDINATE [2214.000]:2214
PEAK CENTRE Y-COORDINATE [1995.000]:1995
PEAK MAXIMUM INTENSITY [1.000000]:1.0
ORIENTATION OF FIRST AXIS (Range: -360.0000 to 360.0000)
 [0.0]:0
STANDARD DEVIATION WIDTH FOR FIRST AXIS
 (Range: 0.0 to 1.700000E+38) [9.999990E+05]:999999
STANDARD DEVIATION WIDTH FOR SECOND AXIS
 (Range: 0.0 to 1.700000E+38) [9.999990E+05]:999999
Main menu: ENTER COMMAND [IMAGE]:ROI
X-LOWER LIMIT (Range: 1 to 2463) [1969]:1969
Y-LOWER LIMIT (Range: 1 to 2527) [1891]:2101
X-UPPER LIMIT (Range: 1969 to 2463) [2460]:2460
Y-UPPER LIMIT (Range: 2101 to 2527) [2100]:2310
Main menu: ENTER COMMAND [IMAGE]:GAUSS
PEAK CENTRE X-COORDINATE [2214.000]:2214
PEAK CENTRE Y-COORDINATE [2205.000]:2205
PEAK MAXIMUM INTENSITY [1.000000]:1.0
ORIENTATION OF FIRST AXIS (Range: -360.0000 to 360.0000)
 [0.0]:0
STANDARD DEVIATION WIDTH FOR FIRST AXIS
 (Range: 0.0 to 1.700000E+38) [9.999990E+05]:999999
STANDARD DEVIATION WIDTH FOR SECOND AXIS
 (Range: 0.0 to 1.700000E+38) [9.999990E+05]:999999
Main menu: ENTER COMMAND [IMAGE]:ROI
X-LOWER LIMIT (Range: 1 to 2463) [1969]:1969
Y-LOWER LIMIT (Range: 1 to 2527) [2101]:2311
X-UPPER LIMIT (Range: 1969 to 2463) [2460]:2460
Y-UPPER LIMIT (Range: 2311 to 2527) [2310]:2520
Main menu: ENTER COMMAND [IMAGE]:GAUSS
PEAK CENTRE X-COORDINATE [2214.000]:2214
PEAK CENTRE Y-COORDINATE [2415.000]:2415
PEAK MAXIMUM INTENSITY [1.000000]:1.0
ORIENTATION OF FIRST AXIS (Range: -360.0000 to 360.0000)
 [0.0]:0
STANDARD DEVIATION WIDTH FOR FIRST AXIS
 (Range: 0.0 to 1.700000E+38) [9.999990E+05]:999999
STANDARD DEVIATION WIDTH FOR SECOND AXIS
 (Range: 0.0 to 1.700000E+38) [9.999990E+05]:999999
Main menu: ENTER COMMAND [IMAGE]:ROI
X-LOWER LIMIT (Range: 1 to 2463) [1969]:1
Y-LOWER LIMIT (Range: 1 to 2527) [2311]:1
X-UPPER LIMIT (Range: 1 to 2463) [2460]:2463
Y-UPPER LIMIT (Range: 1 to 2527) [2520]:2527
Main menu: ENTER COMMAND [IMAGE]:cadd
ADDITION CONSTANT [1.000000]:1e-3
Main menu: ENTER COMMAND [CMULTIPLY]:cmult
MULTIPLICATION CONSTANT [2.900000]:1.0
Main menu: ENTER COMMAND [CADD]:stat
INFO: Statistics of Active Data Region (ADR):
INFO:  Data Coordinate limits: Min (   0.50     ,   0.50    )
INFO:  Data Coordinate limits: Max (   2.46E+03 ,   2.53E+03)
INFO:  Pixel number limits: Min (     1 ,     1) Max ( 2463 ,  2527)
INFO:  Total number of data values =   2463 *   2527 =    6224001
INFO:  Minimum data value =  0.10000E-02
INFO:  Maximum data value =   1.0010
INFO:  Average (mean) data value =  0.99701
INFO:  Sum of data values =  0.62054E+07
INFO:  Root mean square (RMS) value =  0.99900
INFO:  Standard deviation value =  0.62999E-01
INFO:  Skewness parameter =  -15.747
Main menu: ENTER COMMAND [CLOSE LOG]:output
FILE FORMAT [FIT2D STANDARD FORMAT]:fit2d
OUTPUT FILE NAME [fit2d.f2d]:/tmp/hakan/mlfsom_tempfile30935_vignette.f2d
Main menu: ENTER COMMAND [INPUT DATA]:EXIT
CONFIRM EXIT [NO]:Y
 
                FFFFFF           T         22                      D
             FFFF               TT        2222                    DD
          FFFF         I        TT       22  22                   DD
         FFF          II       TTT TTT  22   222                 DDD
         FFF     FF   I        TTTTT    2     222                DDD
        FFFF  FFFF   I      TTTTTT     2       222              DDD
       FFFFFFFFF    II   TTTTTTTT     2         222          DDDDDD
   FFFFFFFFF       II   TT    TTT              222         DDD  DDD
  FF    FFF       III         TTT              22         DD    DDD
        FFF       II         TTT              22         DD    DDD
       FFF       II          TTT             22         D     DDD
       FF        II           TT            22         D     DDD
      FF        II             TT          2222         DDDDDD
      F         I                T        22222222222    DDD
 
 
 
------------------------------------------------------------------------------
INFO: BYE: FIT2D V10.132 exited by user command
 
INFO: (No commercial software is used within FIT2D.)
      Spline surface fitting uses FITPACK, written by Paul Dierckx
------------------------------------------------------------------------------
 
